{"numTotalTestSuites":31,"numPassedTestSuites":31,"numFailedTestSuites":0,"numPendingTestSuites":0,"numTotalTests":60,"numPassedTests":60,"numFailedTests":0,"numPendingTests":0,"numTodoTests":0,"snapshot":{"added":0,"failure":false,"filesAdded":0,"filesRemoved":0,"filesRemovedList":[],"filesUnmatched":0,"filesUpdated":0,"matched":0,"total":0,"unchecked":0,"uncheckedKeysByFile":[],"unmatched":0,"updated":0,"didUpdate":false},"startTime":1765178822825,"success":true,"testResults":[{"assertionResults":[{"ancestorTitles":["Auth Integration Tests","POST /api/auth/register"],"fullName":"Auth Integration Tests POST /api/auth/register should register a new user","status":"passed","title":"should register a new user","duration":10.044542000000035,"failureMessages":[],"meta":{}},{"ancestorTitles":["Auth Integration Tests","POST /api/auth/register"],"fullName":"Auth Integration Tests POST /api/auth/register should return 400 for invalid email","status":"passed","title":"should return 400 for invalid email","duration":2.5196659999999724,"failureMessages":[],"meta":{}},{"ancestorTitles":["Auth Integration Tests","POST /api/auth/register"],"fullName":"Auth Integration Tests POST /api/auth/register should return 400 for weak password","status":"passed","title":"should return 400 for weak password","duration":1.0426249999999868,"failureMessages":[],"meta":{}},{"ancestorTitles":["Auth Integration Tests","POST /api/auth/register"],"fullName":"Auth Integration Tests POST /api/auth/register should return 409 for duplicate username","status":"passed","title":"should return 409 for duplicate username","duration":1.4164169999999672,"failureMessages":[],"meta":{}},{"ancestorTitles":["Auth Integration Tests","POST /api/auth/login"],"fullName":"Auth Integration Tests POST /api/auth/login should login with valid credentials","status":"passed","title":"should login with valid credentials","duration":1.0322089999999662,"failureMessages":[],"meta":{}},{"ancestorTitles":["Auth Integration Tests","POST /api/auth/login"],"fullName":"Auth Integration Tests POST /api/auth/login should login with email","status":"passed","title":"should login with email","duration":1.787916999999993,"failureMessages":[],"meta":{}},{"ancestorTitles":["Auth Integration Tests","POST /api/auth/login"],"fullName":"Auth Integration Tests POST /api/auth/login should return 401 for invalid credentials","status":"passed","title":"should return 401 for invalid credentials","duration":0.9242080000000215,"failureMessages":[],"meta":{}},{"ancestorTitles":["Auth Integration Tests","POST /api/auth/login"],"fullName":"Auth Integration Tests POST /api/auth/login should return 400 for missing fields","status":"passed","title":"should return 400 for missing fields","duration":0.7536250000000564,"failureMessages":[],"meta":{}},{"ancestorTitles":["Auth Integration Tests","POST /api/auth/logout"],"fullName":"Auth Integration Tests POST /api/auth/logout should logout successfully","status":"passed","title":"should logout successfully","duration":0.7525830000000155,"failureMessages":[],"meta":{}},{"ancestorTitles":["Auth Integration Tests","POST /api/auth/logout"],"fullName":"Auth Integration Tests POST /api/auth/logout should return 401 without token","status":"passed","title":"should return 401 without token","duration":1.1067919999999845,"failureMessages":[],"meta":{}},{"ancestorTitles":["Auth Integration Tests","POST /api/auth/refresh"],"fullName":"Auth Integration Tests POST /api/auth/refresh should refresh token","status":"passed","title":"should refresh token","duration":0.7283330000000205,"failureMessages":[],"meta":{}},{"ancestorTitles":["Auth Integration Tests","POST /api/auth/refresh"],"fullName":"Auth Integration Tests POST /api/auth/refresh should return 400 for missing refresh token","status":"passed","title":"should return 400 for missing refresh token","duration":0.7277910000000247,"failureMessages":[],"meta":{}},{"ancestorTitles":["Auth Integration Tests","POST /api/auth/refresh"],"fullName":"Auth Integration Tests POST /api/auth/refresh should return 401 for invalid refresh token","status":"passed","title":"should return 401 for invalid refresh token","duration":0.6490420000000086,"failureMessages":[],"meta":{}},{"ancestorTitles":["Auth Integration Tests","GET /api/auth/me"],"fullName":"Auth Integration Tests GET /api/auth/me should return current user","status":"passed","title":"should return current user","duration":0.5896250000000123,"failureMessages":[],"meta":{}},{"ancestorTitles":["Auth Integration Tests","GET /api/auth/me"],"fullName":"Auth Integration Tests GET /api/auth/me should return 401 without token","status":"passed","title":"should return 401 without token","duration":0.6197920000000181,"failureMessages":[],"meta":{}},{"ancestorTitles":["Auth Integration Tests","GET /api/auth/tokens"],"fullName":"Auth Integration Tests GET /api/auth/tokens should return user tokens","status":"passed","title":"should return user tokens","duration":1.1831670000000258,"failureMessages":[],"meta":{}},{"ancestorTitles":["Auth Integration Tests","POST /api/auth/tokens/revoke-all"],"fullName":"Auth Integration Tests POST /api/auth/tokens/revoke-all should revoke all tokens","status":"passed","title":"should revoke all tokens","duration":1.7100000000000364,"failureMessages":[],"meta":{}},{"ancestorTitles":["Auth Integration Tests","Request ID"],"fullName":"Auth Integration Tests Request ID should include request ID in response","status":"passed","title":"should include request ID in response","duration":0.6505419999999731,"failureMessages":[],"meta":{}},{"ancestorTitles":["Auth Integration Tests","Request ID"],"fullName":"Auth Integration Tests Request ID should use provided request ID","status":"passed","title":"should use provided request ID","duration":0.8105830000000083,"failureMessages":[],"meta":{}}],"startTime":1765178823170,"endTime":1765178823199.8105,"status":"passed","message":"","name":"/Users/jrjohn/Documents/projects/arcana-cloud-nodejs/tests/integration/auth.integration.test.ts"},{"assertionResults":[{"ancestorTitles":["Health Integration Tests","GET /health"],"fullName":"Health Integration Tests GET /health should return health status","status":"passed","title":"should return health status","duration":6.741583999999989,"failureMessages":[],"meta":{}},{"ancestorTitles":["Health Integration Tests","GET /health"],"fullName":"Health Integration Tests GET /health should include memory stats","status":"passed","title":"should include memory stats","duration":1.0402500000000146,"failureMessages":[],"meta":{}},{"ancestorTitles":["Health Integration Tests","GET /health/live"],"fullName":"Health Integration Tests GET /health/live should return liveness status","status":"passed","title":"should return liveness status","duration":0.7506660000000238,"failureMessages":[],"meta":{}},{"ancestorTitles":["Health Integration Tests","GET /health/ready"],"fullName":"Health Integration Tests GET /health/ready should return readiness status","status":"passed","title":"should return readiness status","duration":0.6181250000000205,"failureMessages":[],"meta":{}},{"ancestorTitles":["Public Integration Tests","GET /public/info"],"fullName":"Public Integration Tests GET /public/info should return API info","status":"passed","title":"should return API info","duration":0.7692499999999995,"failureMessages":[],"meta":{}},{"ancestorTitles":["Public Integration Tests","GET /public/version"],"fullName":"Public Integration Tests GET /public/version should return version info","status":"passed","title":"should return version info","duration":0.6275420000000054,"failureMessages":[],"meta":{}},{"ancestorTitles":["Public Integration Tests","GET /public/version"],"fullName":"Public Integration Tests GET /public/version should include Node.js version","status":"passed","title":"should include Node.js version","duration":0.43812500000001364,"failureMessages":[],"meta":{}},{"ancestorTitles":["Not Found Handler"],"fullName":"Not Found Handler should return 404 for unknown routes","status":"passed","title":"should return 404 for unknown routes","duration":0.5637910000000375,"failureMessages":[],"meta":{}},{"ancestorTitles":["Not Found Handler"],"fullName":"Not Found Handler should return 404 for unknown POST routes","status":"passed","title":"should return 404 for unknown POST routes","duration":3.1985420000000317,"failureMessages":[],"meta":{}},{"ancestorTitles":["Not Found Handler"],"fullName":"Not Found Handler should include request ID in 404 response","status":"passed","title":"should include request ID in 404 response","duration":0.7322500000000218,"failureMessages":[],"meta":{}},{"ancestorTitles":["Request ID Middleware"],"fullName":"Request ID Middleware should generate request ID if not provided","status":"passed","title":"should generate request ID if not provided","duration":1.109624999999994,"failureMessages":[],"meta":{}},{"ancestorTitles":["Request ID Middleware"],"fullName":"Request ID Middleware should use provided request ID","status":"passed","title":"should use provided request ID","duration":0.5735420000000317,"failureMessages":[],"meta":{}},{"ancestorTitles":["Error Handler"],"fullName":"Error Handler should return JSON for errors","status":"passed","title":"should return JSON for errors","duration":0.8315420000000131,"failureMessages":[],"meta":{}},{"ancestorTitles":["Error Handler"],"fullName":"Error Handler should include error structure","status":"passed","title":"should include error structure","duration":0.6892090000000053,"failureMessages":[],"meta":{}}],"startTime":1765178823170,"endTime":1765178823189.6892,"status":"passed","message":"","name":"/Users/jrjohn/Documents/projects/arcana-cloud-nodejs/tests/integration/health.integration.test.ts"},{"assertionResults":[{"ancestorTitles":["User Integration Tests","GET /api/users"],"fullName":"User Integration Tests GET /api/users should return paginated users for admin","status":"passed","title":"should return paginated users for admin","duration":7.110125000000039,"failureMessages":[],"meta":{}},{"ancestorTitles":["User Integration Tests","GET /api/users"],"fullName":"User Integration Tests GET /api/users should return 403 for non-admin user","status":"passed","title":"should return 403 for non-admin user","duration":2.2863330000000133,"failureMessages":[],"meta":{}},{"ancestorTitles":["User Integration Tests","GET /api/users"],"fullName":"User Integration Tests GET /api/users should support pagination params","status":"passed","title":"should support pagination params","duration":1.5440830000000005,"failureMessages":[],"meta":{}},{"ancestorTitles":["User Integration Tests","GET /api/users"],"fullName":"User Integration Tests GET /api/users should support role and status filters","status":"passed","title":"should support role and status filters","duration":0.7272500000000264,"failureMessages":[],"meta":{}},{"ancestorTitles":["User Integration Tests","GET /api/users"],"fullName":"User Integration Tests GET /api/users should accept large perPage values","status":"passed","title":"should accept large perPage values","duration":0.7202500000000214,"failureMessages":[],"meta":{}},{"ancestorTitles":["User Integration Tests","GET /api/users/:userId"],"fullName":"User Integration Tests GET /api/users/:userId should return user for admin","status":"passed","title":"should return user for admin","duration":0.6679159999999911,"failureMessages":[],"meta":{}},{"ancestorTitles":["User Integration Tests","GET /api/users/:userId"],"fullName":"User Integration Tests GET /api/users/:userId should return user for own profile","status":"passed","title":"should return user for own profile","duration":0.47483300000004647,"failureMessages":[],"meta":{}},{"ancestorTitles":["User Integration Tests","GET /api/users/:userId"],"fullName":"User Integration Tests GET /api/users/:userId should return 403 for accessing other user profile","status":"passed","title":"should return 403 for accessing other user profile","duration":0.8642920000000345,"failureMessages":[],"meta":{}},{"ancestorTitles":["User Integration Tests","GET /api/users/:userId"],"fullName":"User Integration Tests GET /api/users/:userId should return 404 for non-existent user","status":"passed","title":"should return 404 for non-existent user","duration":1.1217090000000098,"failureMessages":[],"meta":{}},{"ancestorTitles":["User Integration Tests","POST /api/users"],"fullName":"User Integration Tests POST /api/users should create user for admin","status":"passed","title":"should create user for admin","duration":4.011875000000032,"failureMessages":[],"meta":{}},{"ancestorTitles":["User Integration Tests","POST /api/users"],"fullName":"User Integration Tests POST /api/users should return 403 for non-admin","status":"passed","title":"should return 403 for non-admin","duration":0.8416669999999726,"failureMessages":[],"meta":{}},{"ancestorTitles":["User Integration Tests","POST /api/users"],"fullName":"User Integration Tests POST /api/users should return 400 for invalid data","status":"passed","title":"should return 400 for invalid data","duration":0.8802090000000362,"failureMessages":[],"meta":{}},{"ancestorTitles":["User Integration Tests","POST /api/users"],"fullName":"User Integration Tests POST /api/users should return 409 for duplicate email","status":"passed","title":"should return 409 for duplicate email","duration":0.6635419999999499,"failureMessages":[],"meta":{}},{"ancestorTitles":["User Integration Tests","PUT /api/users/:userId"],"fullName":"User Integration Tests PUT /api/users/:userId should update own profile","status":"passed","title":"should update own profile","duration":0.7183330000000296,"failureMessages":[],"meta":{}},{"ancestorTitles":["User Integration Tests","PUT /api/users/:userId"],"fullName":"User Integration Tests PUT /api/users/:userId should update any user for admin","status":"passed","title":"should update any user for admin","duration":0.766791000000012,"failureMessages":[],"meta":{}},{"ancestorTitles":["User Integration Tests","PUT /api/users/:userId"],"fullName":"User Integration Tests PUT /api/users/:userId should return 403 for updating other user","status":"passed","title":"should return 403 for updating other user","duration":0.7722919999999931,"failureMessages":[],"meta":{}},{"ancestorTitles":["User Integration Tests","PUT /api/users/:userId"],"fullName":"User Integration Tests PUT /api/users/:userId should validate update data","status":"passed","title":"should validate update data","duration":1.4637500000000045,"failureMessages":[],"meta":{}},{"ancestorTitles":["User Integration Tests","DELETE /api/users/:userId"],"fullName":"User Integration Tests DELETE /api/users/:userId should delete user for admin","status":"passed","title":"should delete user for admin","duration":0.6989590000000021,"failureMessages":[],"meta":{}},{"ancestorTitles":["User Integration Tests","DELETE /api/users/:userId"],"fullName":"User Integration Tests DELETE /api/users/:userId should return 403 for non-admin","status":"passed","title":"should return 403 for non-admin","duration":0.6477499999999736,"failureMessages":[],"meta":{}},{"ancestorTitles":["User Integration Tests","PUT /api/users/:userId/password"],"fullName":"User Integration Tests PUT /api/users/:userId/password should change own password","status":"passed","title":"should change own password","duration":0.5891250000000241,"failureMessages":[],"meta":{}},{"ancestorTitles":["User Integration Tests","PUT /api/users/:userId/password"],"fullName":"User Integration Tests PUT /api/users/:userId/password should return 403 for changing other user password","status":"passed","title":"should return 403 for changing other user password","duration":0.8467089999999757,"failureMessages":[],"meta":{}},{"ancestorTitles":["User Integration Tests","PUT /api/users/:userId/password"],"fullName":"User Integration Tests PUT /api/users/:userId/password should return 401 for wrong old password","status":"passed","title":"should return 401 for wrong old password","duration":0.788833000000011,"failureMessages":[],"meta":{}},{"ancestorTitles":["User Integration Tests","POST /api/users/:userId/verify"],"fullName":"User Integration Tests POST /api/users/:userId/verify should verify user for admin","status":"passed","title":"should verify user for admin","duration":0.5663749999999936,"failureMessages":[],"meta":{}},{"ancestorTitles":["User Integration Tests","POST /api/users/:userId/verify"],"fullName":"User Integration Tests POST /api/users/:userId/verify should return 403 for non-admin","status":"passed","title":"should return 403 for non-admin","duration":0.4797500000000241,"failureMessages":[],"meta":{}},{"ancestorTitles":["User Integration Tests","PUT /api/users/:userId/status"],"fullName":"User Integration Tests PUT /api/users/:userId/status should update user status for admin","status":"passed","title":"should update user status for admin","duration":0.5210839999999735,"failureMessages":[],"meta":{}},{"ancestorTitles":["User Integration Tests","PUT /api/users/:userId/status"],"fullName":"User Integration Tests PUT /api/users/:userId/status should return 403 for non-admin","status":"passed","title":"should return 403 for non-admin","duration":0.5260409999999638,"failureMessages":[],"meta":{}},{"ancestorTitles":["User Integration Tests","PUT /api/users/:userId/status"],"fullName":"User Integration Tests PUT /api/users/:userId/status should validate status value","status":"passed","title":"should validate status value","duration":0.6425839999999994,"failureMessages":[],"meta":{}}],"startTime":1765178823170,"endTime":1765178823202.6426,"status":"passed","message":"","name":"/Users/jrjohn/Documents/projects/arcana-cloud-nodejs/tests/integration/user.integration.test.ts"}]}