{"numTotalTestSuites":237,"numPassedTestSuites":237,"numFailedTestSuites":0,"numPendingTestSuites":0,"numTotalTests":525,"numPassedTests":525,"numFailedTests":0,"numPendingTests":0,"numTodoTests":0,"snapshot":{"added":0,"failure":false,"filesAdded":0,"filesRemoved":0,"filesRemovedList":[],"filesUnmatched":0,"filesUpdated":0,"matched":0,"total":0,"unchecked":0,"uncheckedKeysByFile":[],"unmatched":0,"updated":0,"didUpdate":false},"startTime":1772274325011,"success":true,"testResults":[{"assertionResults":[{"ancestorTitles":["Config"],"fullName":"Config should load config with default values in test mode","status":"passed","title":"should load config with default values in test mode","duration":77.20295899999996,"failureMessages":[],"meta":{}},{"ancestorTitles":["Config"],"fullName":"Config should load PORT from environment","status":"passed","title":"should load PORT from environment","duration":27.86396000000002,"failureMessages":[],"meta":{}},{"ancestorTitles":["Config"],"fullName":"Config should parse CORS_ORIGINS from environment","status":"passed","title":"should parse CORS_ORIGINS from environment","duration":76.10140000000001,"failureMessages":[],"meta":{}},{"ancestorTitles":["Config"],"fullName":"Config should parse SERVICE_URLS from environment","status":"passed","title":"should parse SERVICE_URLS from environment","duration":24.945800000000077,"failureMessages":[],"meta":{}},{"ancestorTitles":["Config"],"fullName":"Config should set redisUrl when REDIS_URL is provided","status":"passed","title":"should set redisUrl when REDIS_URL is provided","duration":14.116200000000049,"failureMessages":[],"meta":{}},{"ancestorTitles":["Config"],"fullName":"Config should configure JWT expiry from environment","status":"passed","title":"should configure JWT expiry from environment","duration":14.064480000000003,"failureMessages":[],"meta":{}},{"ancestorTitles":["Config"],"fullName":"Config should configure rate limit from environment","status":"passed","title":"should configure rate limit from environment","duration":13.137719999999945,"failureMessages":[],"meta":{}},{"ancestorTitles":["Config"],"fullName":"Config should have rate limit disabled when RATE_LIMIT_ENABLED=false","status":"passed","title":"should have rate limit disabled when RATE_LIMIT_ENABLED=false","duration":28.024240000000077,"failureMessages":[],"meta":{}}],"startTime":1772274330699,"endTime":1772274330976.0242,"status":"passed","message":"","name":"/tmp/arcana-cloud-nodejs/tests/unit/config.test.ts"},{"assertionResults":[{"ancestorTitles":["DirectServiceCommunication","User operations"],"fullName":"DirectServiceCommunication User operations should get users","status":"passed","title":"should get users","duration":9.910000000000025,"failureMessages":[],"meta":{}},{"ancestorTitles":["DirectServiceCommunication","User operations"],"fullName":"DirectServiceCommunication User operations should get user by id","status":"passed","title":"should get user by id","duration":2.3594400000000064,"failureMessages":[],"meta":{}},{"ancestorTitles":["DirectServiceCommunication","User operations"],"fullName":"DirectServiceCommunication User operations should create user","status":"passed","title":"should create user","duration":2.8327600000000075,"failureMessages":[],"meta":{}},{"ancestorTitles":["DirectServiceCommunication","User operations"],"fullName":"DirectServiceCommunication User operations should update user","status":"passed","title":"should update user","duration":4.2241599999999835,"failureMessages":[],"meta":{}},{"ancestorTitles":["DirectServiceCommunication","User operations"],"fullName":"DirectServiceCommunication User operations should delete user","status":"passed","title":"should delete user","duration":2.199639999999988,"failureMessages":[],"meta":{}},{"ancestorTitles":["DirectServiceCommunication","User operations"],"fullName":"DirectServiceCommunication User operations should change password","status":"passed","title":"should change password","duration":1.1639199999999619,"failureMessages":[],"meta":{}},{"ancestorTitles":["DirectServiceCommunication","User operations"],"fullName":"DirectServiceCommunication User operations should verify user","status":"passed","title":"should verify user","duration":1.2506399999999758,"failureMessages":[],"meta":{}},{"ancestorTitles":["DirectServiceCommunication","User operations"],"fullName":"DirectServiceCommunication User operations should update user status","status":"passed","title":"should update user status","duration":1.0342400000000112,"failureMessages":[],"meta":{}},{"ancestorTitles":["DirectServiceCommunication","Auth operations"],"fullName":"DirectServiceCommunication Auth operations should login","status":"passed","title":"should login","duration":3.234199999999987,"failureMessages":[],"meta":{}},{"ancestorTitles":["DirectServiceCommunication","Auth operations"],"fullName":"DirectServiceCommunication Auth operations should logout","status":"passed","title":"should logout","duration":1.3339999999999463,"failureMessages":[],"meta":{}},{"ancestorTitles":["DirectServiceCommunication","Auth operations"],"fullName":"DirectServiceCommunication Auth operations should refresh token","status":"passed","title":"should refresh token","duration":1.7048000000000343,"failureMessages":[],"meta":{}},{"ancestorTitles":["DirectServiceCommunication","Auth operations"],"fullName":"DirectServiceCommunication Auth operations should validate token","status":"passed","title":"should validate token","duration":0.8711999999999875,"failureMessages":[],"meta":{}},{"ancestorTitles":["DirectServiceCommunication","Auth operations"],"fullName":"DirectServiceCommunication Auth operations should register","status":"passed","title":"should register","duration":0.9542000000000144,"failureMessages":[],"meta":{}},{"ancestorTitles":["DirectServiceCommunication","Auth operations"],"fullName":"DirectServiceCommunication Auth operations should revoke all tokens","status":"passed","title":"should revoke all tokens","duration":0.855039999999974,"failureMessages":[],"meta":{}},{"ancestorTitles":["DirectServiceCommunication","Auth operations"],"fullName":"DirectServiceCommunication Auth operations should get user tokens","status":"passed","title":"should get user tokens","duration":0.9187599999999634,"failureMessages":[],"meta":{}},{"ancestorTitles":["DirectRepositoryCommunication"],"fullName":"DirectRepositoryCommunication should throw error for query","status":"passed","title":"should throw error for query","duration":1.4980400000000031,"failureMessages":[],"meta":{}},{"ancestorTitles":["DirectRepositoryCommunication"],"fullName":"DirectRepositoryCommunication should throw error for getById","status":"passed","title":"should throw error for getById","duration":0.41896000000002687,"failureMessages":[],"meta":{}},{"ancestorTitles":["DirectRepositoryCommunication"],"fullName":"DirectRepositoryCommunication should throw error for create","status":"passed","title":"should throw error for create","duration":3.820319999999981,"failureMessages":[],"meta":{}},{"ancestorTitles":["DirectRepositoryCommunication"],"fullName":"DirectRepositoryCommunication should throw error for update","status":"passed","title":"should throw error for update","duration":0.3809599999999591,"failureMessages":[],"meta":{}},{"ancestorTitles":["DirectRepositoryCommunication"],"fullName":"DirectRepositoryCommunication should throw error for delete","status":"passed","title":"should throw error for delete","duration":0.592839999999967,"failureMessages":[],"meta":{}},{"ancestorTitles":["DirectRepositoryCommunication"],"fullName":"DirectRepositoryCommunication should throw error for count","status":"passed","title":"should throw error for count","duration":0.4460799999999949,"failureMessages":[],"meta":{}}],"startTime":1772274327317,"endTime":1772274327360.446,"status":"passed","message":"","name":"/tmp/arcana-cloud-nodejs/tests/unit/communication/direct.impl.test.ts"},{"assertionResults":[{"ancestorTitles":["CommunicationFactory (Deprecated - uses DI)","getServiceCommunication"],"fullName":"CommunicationFactory (Deprecated - uses DI) getServiceCommunication should resolve ServiceCommunication from DI container","status":"passed","title":"should resolve ServiceCommunication from DI container","duration":2.817079999999919,"failureMessages":[],"meta":{}},{"ancestorTitles":["CommunicationFactory (Deprecated - uses DI)","getServiceCommunication"],"fullName":"CommunicationFactory (Deprecated - uses DI) getServiceCommunication should return the same instance on multiple calls (via DI singleton)","status":"passed","title":"should return the same instance on multiple calls (via DI singleton)","duration":0.46264000000007854,"failureMessages":[],"meta":{}},{"ancestorTitles":["CommunicationFactory (Deprecated - uses DI)","getRepositoryCommunication"],"fullName":"CommunicationFactory (Deprecated - uses DI) getRepositoryCommunication should resolve RepositoryCommunication from DI container","status":"passed","title":"should resolve RepositoryCommunication from DI container","duration":0.7017600000000357,"failureMessages":[],"meta":{}},{"ancestorTitles":["CommunicationFactory (Deprecated - uses DI)","getRepositoryCommunication"],"fullName":"CommunicationFactory (Deprecated - uses DI) getRepositoryCommunication should return the same instance on multiple calls (via DI singleton)","status":"passed","title":"should return the same instance on multiple calls (via DI singleton)","duration":0.33343999999999596,"failureMessages":[],"meta":{}},{"ancestorTitles":["CommunicationFactory (Deprecated - uses DI)","reset"],"fullName":"CommunicationFactory (Deprecated - uses DI) reset should be a no-op (container manages lifecycle)","status":"passed","title":"should be a no-op (container manages lifecycle)","duration":1.178199999999947,"failureMessages":[],"meta":{}}],"startTime":1772274331866,"endTime":1772274331872.1782,"status":"passed","message":"","name":"/tmp/arcana-cloud-nodejs/tests/unit/communication/factory.test.ts"},{"assertionResults":[{"ancestorTitles":["GRPCServiceCommunication","constructor"],"fullName":"GRPCServiceCommunication constructor should load proto file and create clients","status":"passed","title":"should load proto file and create clients","duration":5.210239999999999,"failureMessages":[],"meta":{}},{"ancestorTitles":["GRPCServiceCommunication","constructor"],"fullName":"GRPCServiceCommunication constructor should create multiple clients for multiple URLs","status":"passed","title":"should create multiple clients for multiple URLs","duration":0.9784799999999905,"failureMessages":[],"meta":{}},{"ancestorTitles":["GRPCServiceCommunication","User operations"],"fullName":"GRPCServiceCommunication User operations should get users","status":"passed","title":"should get users","duration":1.7132800000000543,"failureMessages":[],"meta":{}},{"ancestorTitles":["GRPCServiceCommunication","User operations"],"fullName":"GRPCServiceCommunication User operations should get user by id","status":"passed","title":"should get user by id","duration":1.5605199999999968,"failureMessages":[],"meta":{}},{"ancestorTitles":["GRPCServiceCommunication","User operations"],"fullName":"GRPCServiceCommunication User operations should handle error in getUserById","status":"passed","title":"should handle error in getUserById","duration":1.8261199999999462,"failureMessages":[],"meta":{}},{"ancestorTitles":["GRPCServiceCommunication","User operations"],"fullName":"GRPCServiceCommunication User operations should create user","status":"passed","title":"should create user","duration":2.5091600000000653,"failureMessages":[],"meta":{}},{"ancestorTitles":["GRPCServiceCommunication","User operations"],"fullName":"GRPCServiceCommunication User operations should update user","status":"passed","title":"should update user","duration":1.1453199999999697,"failureMessages":[],"meta":{}},{"ancestorTitles":["GRPCServiceCommunication","User operations"],"fullName":"GRPCServiceCommunication User operations should delete user","status":"passed","title":"should delete user","duration":0.8081600000000435,"failureMessages":[],"meta":{}},{"ancestorTitles":["GRPCServiceCommunication","User operations"],"fullName":"GRPCServiceCommunication User operations should change password","status":"passed","title":"should change password","duration":1.7755600000000413,"failureMessages":[],"meta":{}},{"ancestorTitles":["GRPCServiceCommunication","User operations"],"fullName":"GRPCServiceCommunication User operations should verify user","status":"passed","title":"should verify user","duration":1.9644000000000688,"failureMessages":[],"meta":{}},{"ancestorTitles":["GRPCServiceCommunication","User operations"],"fullName":"GRPCServiceCommunication User operations should update user status","status":"passed","title":"should update user status","duration":1.7627999999999702,"failureMessages":[],"meta":{}},{"ancestorTitles":["GRPCServiceCommunication","Auth operations"],"fullName":"GRPCServiceCommunication Auth operations should login","status":"passed","title":"should login","duration":0.7812800000000379,"failureMessages":[],"meta":{}},{"ancestorTitles":["GRPCServiceCommunication","Auth operations"],"fullName":"GRPCServiceCommunication Auth operations should logout","status":"passed","title":"should logout","duration":0.9111200000000963,"failureMessages":[],"meta":{}},{"ancestorTitles":["GRPCServiceCommunication","Auth operations"],"fullName":"GRPCServiceCommunication Auth operations should refresh token","status":"passed","title":"should refresh token","duration":1.1465999999999212,"failureMessages":[],"meta":{}},{"ancestorTitles":["GRPCServiceCommunication","Auth operations"],"fullName":"GRPCServiceCommunication Auth operations should validate token","status":"passed","title":"should validate token","duration":0.8612400000000662,"failureMessages":[],"meta":{}},{"ancestorTitles":["GRPCServiceCommunication","Auth operations"],"fullName":"GRPCServiceCommunication Auth operations should register","status":"passed","title":"should register","duration":0.8955199999999195,"failureMessages":[],"meta":{}},{"ancestorTitles":["GRPCServiceCommunication","Auth operations"],"fullName":"GRPCServiceCommunication Auth operations should revoke all tokens","status":"passed","title":"should revoke all tokens","duration":0.8280399999999872,"failureMessages":[],"meta":{}},{"ancestorTitles":["GRPCServiceCommunication","Auth operations"],"fullName":"GRPCServiceCommunication Auth operations should get user tokens","status":"passed","title":"should get user tokens","duration":4.163279999999986,"failureMessages":[],"meta":{}},{"ancestorTitles":["GRPCServiceCommunication","transformUser"],"fullName":"GRPCServiceCommunication transformUser should transform gRPC user to domain user","status":"passed","title":"should transform gRPC user to domain user","duration":2.486760000000004,"failureMessages":[],"meta":{}},{"ancestorTitles":["GRPCRepositoryCommunication"],"fullName":"GRPCRepositoryCommunication should query entities","status":"passed","title":"should query entities","duration":1.2235999999999194,"failureMessages":[],"meta":{}},{"ancestorTitles":["GRPCRepositoryCommunication"],"fullName":"GRPCRepositoryCommunication should get entity by id","status":"passed","title":"should get entity by id","duration":4.504200000000083,"failureMessages":[],"meta":{}},{"ancestorTitles":["GRPCRepositoryCommunication"],"fullName":"GRPCRepositoryCommunication should return null for non-existent entity","status":"passed","title":"should return null for non-existent entity","duration":0.5766800000000103,"failureMessages":[],"meta":{}},{"ancestorTitles":["GRPCRepositoryCommunication"],"fullName":"GRPCRepositoryCommunication should create entity","status":"passed","title":"should create entity","duration":0.7401200000000472,"failureMessages":[],"meta":{}},{"ancestorTitles":["GRPCRepositoryCommunication"],"fullName":"GRPCRepositoryCommunication should update entity","status":"passed","title":"should update entity","duration":0.7332000000000107,"failureMessages":[],"meta":{}},{"ancestorTitles":["GRPCRepositoryCommunication"],"fullName":"GRPCRepositoryCommunication should delete entity","status":"passed","title":"should delete entity","duration":0.956519999999955,"failureMessages":[],"meta":{}},{"ancestorTitles":["GRPCRepositoryCommunication"],"fullName":"GRPCRepositoryCommunication should count entities","status":"passed","title":"should count entities","duration":0.7192000000000007,"failureMessages":[],"meta":{}},{"ancestorTitles":["GRPCRepositoryCommunication"],"fullName":"GRPCRepositoryCommunication should handle errors","status":"passed","title":"should handle errors","duration":0.6938000000000102,"failureMessages":[],"meta":{}}],"startTime":1772274325916,"endTime":1772274325961.6938,"status":"passed","message":"","name":"/tmp/arcana-cloud-nodejs/tests/unit/communication/grpc.impl.test.ts"},{"assertionResults":[{"ancestorTitles":["HTTPServiceCommunication","constructor"],"fullName":"HTTPServiceCommunication constructor should create axios clients for each URL","status":"passed","title":"should create axios clients for each URL","duration":3.9769200000000637,"failureMessages":[],"meta":{}},{"ancestorTitles":["HTTPServiceCommunication","User operations"],"fullName":"HTTPServiceCommunication User operations should get users","status":"passed","title":"should get users","duration":1.8461600000000544,"failureMessages":[],"meta":{}},{"ancestorTitles":["HTTPServiceCommunication","User operations"],"fullName":"HTTPServiceCommunication User operations should get user by id","status":"passed","title":"should get user by id","duration":0.6109200000000783,"failureMessages":[],"meta":{}},{"ancestorTitles":["HTTPServiceCommunication","User operations"],"fullName":"HTTPServiceCommunication User operations should create user","status":"passed","title":"should create user","duration":0.9354000000000724,"failureMessages":[],"meta":{}},{"ancestorTitles":["HTTPServiceCommunication","User operations"],"fullName":"HTTPServiceCommunication User operations should update user","status":"passed","title":"should update user","duration":0.9407999999999674,"failureMessages":[],"meta":{}},{"ancestorTitles":["HTTPServiceCommunication","User operations"],"fullName":"HTTPServiceCommunication User operations should delete user","status":"passed","title":"should delete user","duration":0.5987199999999575,"failureMessages":[],"meta":{}},{"ancestorTitles":["HTTPServiceCommunication","User operations"],"fullName":"HTTPServiceCommunication User operations should change password","status":"passed","title":"should change password","duration":0.5803200000000288,"failureMessages":[],"meta":{}},{"ancestorTitles":["HTTPServiceCommunication","User operations"],"fullName":"HTTPServiceCommunication User operations should verify user","status":"passed","title":"should verify user","duration":1.5699999999999363,"failureMessages":[],"meta":{}},{"ancestorTitles":["HTTPServiceCommunication","User operations"],"fullName":"HTTPServiceCommunication User operations should update user status","status":"passed","title":"should update user status","duration":0.9443200000000616,"failureMessages":[],"meta":{}},{"ancestorTitles":["HTTPServiceCommunication","Auth operations"],"fullName":"HTTPServiceCommunication Auth operations should login","status":"passed","title":"should login","duration":0.7232400000000325,"failureMessages":[],"meta":{}},{"ancestorTitles":["HTTPServiceCommunication","Auth operations"],"fullName":"HTTPServiceCommunication Auth operations should logout","status":"passed","title":"should logout","duration":0.6267599999999902,"failureMessages":[],"meta":{}},{"ancestorTitles":["HTTPServiceCommunication","Auth operations"],"fullName":"HTTPServiceCommunication Auth operations should refresh token","status":"passed","title":"should refresh token","duration":0.6793999999999869,"failureMessages":[],"meta":{}},{"ancestorTitles":["HTTPServiceCommunication","Auth operations"],"fullName":"HTTPServiceCommunication Auth operations should validate token","status":"passed","title":"should validate token","duration":0.699760000000083,"failureMessages":[],"meta":{}},{"ancestorTitles":["HTTPServiceCommunication","Auth operations"],"fullName":"HTTPServiceCommunication Auth operations should register","status":"passed","title":"should register","duration":0.5163599999999633,"failureMessages":[],"meta":{}},{"ancestorTitles":["HTTPServiceCommunication","Auth operations"],"fullName":"HTTPServiceCommunication Auth operations should revoke all tokens","status":"passed","title":"should revoke all tokens","duration":0.48276000000009844,"failureMessages":[],"meta":{}},{"ancestorTitles":["HTTPServiceCommunication","Auth operations"],"fullName":"HTTPServiceCommunication Auth operations should get user tokens","status":"passed","title":"should get user tokens","duration":0.9485600000000431,"failureMessages":[],"meta":{}},{"ancestorTitles":["HTTPServiceCommunication","retry logic"],"fullName":"HTTPServiceCommunication retry logic should retry on failure","status":"passed","title":"should retry on failure","duration":0.6574400000000651,"failureMessages":[],"meta":{}},{"ancestorTitles":["HTTPServiceCommunication","retry logic"],"fullName":"HTTPServiceCommunication retry logic should throw after max retries","status":"passed","title":"should throw after max retries","duration":1.88307999999995,"failureMessages":[],"meta":{}},{"ancestorTitles":["HTTPServiceCommunication","retry logic"],"fullName":"HTTPServiceCommunication retry logic should use round-robin for load balancing","status":"passed","title":"should use round-robin for load balancing","duration":0.6240000000000236,"failureMessages":[],"meta":{}},{"ancestorTitles":["HTTPRepositoryCommunication"],"fullName":"HTTPRepositoryCommunication should query entities","status":"passed","title":"should query entities","duration":0.7257200000000239,"failureMessages":[],"meta":{}},{"ancestorTitles":["HTTPRepositoryCommunication"],"fullName":"HTTPRepositoryCommunication should get entity by id","status":"passed","title":"should get entity by id","duration":0.5778800000000501,"failureMessages":[],"meta":{}},{"ancestorTitles":["HTTPRepositoryCommunication"],"fullName":"HTTPRepositoryCommunication should create entity","status":"passed","title":"should create entity","duration":0.5097200000000157,"failureMessages":[],"meta":{}},{"ancestorTitles":["HTTPRepositoryCommunication"],"fullName":"HTTPRepositoryCommunication should update entity","status":"passed","title":"should update entity","duration":0.5761599999999589,"failureMessages":[],"meta":{}},{"ancestorTitles":["HTTPRepositoryCommunication"],"fullName":"HTTPRepositoryCommunication should delete entity","status":"passed","title":"should delete entity","duration":0.4613200000000006,"failureMessages":[],"meta":{}},{"ancestorTitles":["HTTPRepositoryCommunication"],"fullName":"HTTPRepositoryCommunication should count entities","status":"passed","title":"should count entities","duration":0.4984799999999723,"failureMessages":[],"meta":{}}],"startTime":1772274326581,"endTime":1772274326606.4985,"status":"passed","message":"","name":"/tmp/arcana-cloud-nodejs/tests/unit/communication/http.impl.test.ts"},{"assertionResults":[{"ancestorTitles":["DI Tokens"],"fullName":"DI Tokens should have unique symbols for each token","status":"passed","title":"should have unique symbols for each token","duration":1.7564800000000105,"failureMessages":[],"meta":{}},{"ancestorTitles":["DI Tokens"],"fullName":"DI Tokens should have expected tokens defined","status":"passed","title":"should have expected tokens defined","duration":1.4425200000000586,"failureMessages":[],"meta":{}},{"ancestorTitles":["DI Tokens"],"fullName":"DI Tokens should have symbols with correct descriptions","status":"passed","title":"should have symbols with correct descriptions","duration":3.999719999999911,"failureMessages":[],"meta":{}},{"ancestorTitles":["DI Container Structure"],"fullName":"DI Container Structure should allow binding and resolving dependencies","status":"passed","title":"should allow binding and resolving dependencies","duration":4.891399999999976,"failureMessages":[],"meta":{}},{"ancestorTitles":["DI Container Structure"],"fullName":"DI Container Structure should support singleton scope","status":"passed","title":"should support singleton scope","duration":1.6706800000000612,"failureMessages":[],"meta":{}},{"ancestorTitles":["DI Container Structure"],"fullName":"DI Container Structure should support transient scope","status":"passed","title":"should support transient scope","duration":1.4253199999999424,"failureMessages":[],"meta":{}},{"ancestorTitles":["DI Container Structure"],"fullName":"DI Container Structure should throw when resolving unbound token","status":"passed","title":"should throw when resolving unbound token","duration":1.6539999999999964,"failureMessages":[],"meta":{}},{"ancestorTitles":["DI Container Structure"],"fullName":"DI Container Structure should correctly check if token is bound","status":"passed","title":"should correctly check if token is bound","duration":0.8234400000000051,"failureMessages":[],"meta":{}}],"startTime":1772274331613,"endTime":1772274331630.8235,"status":"passed","message":"","name":"/tmp/arcana-cloud-nodejs/tests/unit/di/container.test.ts"},{"assertionResults":[{"ancestorTitles":["Event Bus","Event Creation"],"fullName":"Event Bus Event Creation should create event with correct structure","status":"passed","title":"should create event with correct structure","duration":4.362120000000004,"failureMessages":[],"meta":{}},{"ancestorTitles":["Event Bus","Event Creation"],"fullName":"Event Bus Event Creation should create event with metadata","status":"passed","title":"should create event with metadata","duration":1.5503600000000688,"failureMessages":[],"meta":{}},{"ancestorTitles":["Event Bus","Event Creation"],"fullName":"Event Bus Event Creation should create all event types","status":"passed","title":"should create all event types","duration":3.4339599999999564,"failureMessages":[],"meta":{}},{"ancestorTitles":["Event Bus","Event Subscription"],"fullName":"Event Bus Event Subscription should register sync handler","status":"passed","title":"should register sync handler","duration":2.571640000000002,"failureMessages":[],"meta":{}},{"ancestorTitles":["Event Bus","Event Subscription"],"fullName":"Event Bus Event Subscription should handle multiple handlers for same event","status":"passed","title":"should handle multiple handlers for same event","duration":3.944439999999986,"failureMessages":[],"meta":{}},{"ancestorTitles":["Event Bus","Event Subscription"],"fullName":"Event Bus Event Subscription should call handlers in priority order","status":"passed","title":"should call handlers in priority order","duration":0.8420800000000099,"failureMessages":[],"meta":{}},{"ancestorTitles":["Event Bus","Event Subscription"],"fullName":"Event Bus Event Subscription should handle global handlers","status":"passed","title":"should handle global handlers","duration":0.6479600000000119,"failureMessages":[],"meta":{}},{"ancestorTitles":["Event Bus","Event Subscription"],"fullName":"Event Bus Event Subscription should unsubscribe handler","status":"passed","title":"should unsubscribe handler","duration":0.6282400000000052,"failureMessages":[],"meta":{}},{"ancestorTitles":["Event Bus","Event Publishing"],"fullName":"Event Bus Event Publishing should publish event to subscribers","status":"passed","title":"should publish event to subscribers","duration":1.0892000000000053,"failureMessages":[],"meta":{}},{"ancestorTitles":["Event Bus","Event Publishing"],"fullName":"Event Bus Event Publishing should publish multiple events","status":"passed","title":"should publish multiple events","duration":1.7419999999999618,"failureMessages":[],"meta":{}},{"ancestorTitles":["Event Bus","Event Publishing"],"fullName":"Event Bus Event Publishing should continue processing if handler throws","status":"passed","title":"should continue processing if handler throws","duration":0.9106000000000449,"failureMessages":[],"meta":{}},{"ancestorTitles":["Event Bus","Event Middleware"],"fullName":"Event Bus Event Middleware should execute middleware","status":"passed","title":"should execute middleware","duration":2.242840000000001,"failureMessages":[],"meta":{}},{"ancestorTitles":["Event Bus","Event Middleware"],"fullName":"Event Bus Event Middleware should chain multiple middleware","status":"passed","title":"should chain multiple middleware","duration":0.7038000000000011,"failureMessages":[],"meta":{}},{"ancestorTitles":["Event Bus","Singleton"],"fullName":"Event Bus Singleton should return same instance","status":"passed","title":"should return same instance","duration":0.3083199999999806,"failureMessages":[],"meta":{}},{"ancestorTitles":["Event Bus","Singleton"],"fullName":"Event Bus Singleton should reset instance","status":"passed","title":"should reset instance","duration":0.850840000000062,"failureMessages":[],"meta":{}},{"ancestorTitles":["Domain Events"],"fullName":"Domain Events should have correct event types","status":"passed","title":"should have correct event types","duration":0.36995999999999185,"failureMessages":[],"meta":{}},{"ancestorTitles":["Domain Events"],"fullName":"Domain Events should create event with factory function","status":"passed","title":"should create event with factory function","duration":3.0672000000000708,"failureMessages":[],"meta":{}}],"startTime":1772274327155,"endTime":1772274327187.0671,"status":"passed","message":"","name":"/tmp/arcana-cloud-nodejs/tests/unit/events/event-bus.test.ts"},{"assertionResults":[{"ancestorTitles":["EventStore","constructor (no Redis)"],"fullName":"EventStore constructor (no Redis) should create store and warn about missing Redis","status":"passed","title":"should create store and warn about missing Redis","duration":6.210320000000024,"failureMessages":[],"meta":{}},{"ancestorTitles":["EventStore","isEventProcessed (in-memory fallback)"],"fullName":"EventStore isEventProcessed (in-memory fallback) should return false for new events","status":"passed","title":"should return false for new events","duration":1.3240800000000945,"failureMessages":[],"meta":{}},{"ancestorTitles":["EventStore","isEventProcessed (in-memory fallback)"],"fullName":"EventStore isEventProcessed (in-memory fallback) should return true for processed events","status":"passed","title":"should return true for processed events","duration":1.052599999999984,"failureMessages":[],"meta":{}},{"ancestorTitles":["EventStore","markEventProcessed (in-memory fallback)"],"fullName":"EventStore markEventProcessed (in-memory fallback) should mark event as processed","status":"passed","title":"should mark event as processed","duration":1.3722799999999324,"failureMessages":[],"meta":{}},{"ancestorTitles":["EventStore","markEventProcessed (in-memory fallback)"],"fullName":"EventStore markEventProcessed (in-memory fallback) should handle large sets by trimming oldest entries","status":"passed","title":"should handle large sets by trimming oldest entries","duration":17.21636000000001,"failureMessages":[],"meta":{}},{"ancestorTitles":["EventStore","saveAuditLog"],"fullName":"EventStore saveAuditLog should save audit log entry to database","status":"passed","title":"should save audit log entry to database","duration":7.092239999999947,"failureMessages":[],"meta":{}},{"ancestorTitles":["EventStore","saveAuditLog"],"fullName":"EventStore saveAuditLog should not throw when database save fails","status":"passed","title":"should not throw when database save fails","duration":2.9097600000000057,"failureMessages":[],"meta":{}},{"ancestorTitles":["EventStore","saveAuditLog"],"fullName":"EventStore saveAuditLog should save event without userId when not in payload","status":"passed","title":"should save event without userId when not in payload","duration":2.0048799999999574,"failureMessages":[],"meta":{}},{"ancestorTitles":["EventStore","queryAuditLog"],"fullName":"EventStore queryAuditLog should query audit log with no filters","status":"passed","title":"should query audit log with no filters","duration":18.29412000000002,"failureMessages":[],"meta":{}},{"ancestorTitles":["EventStore","queryAuditLog"],"fullName":"EventStore queryAuditLog should filter by eventType","status":"passed","title":"should filter by eventType","duration":1.4661200000000463,"failureMessages":[],"meta":{}},{"ancestorTitles":["EventStore","queryAuditLog"],"fullName":"EventStore queryAuditLog should filter by userId","status":"passed","title":"should filter by userId","duration":1.1306399999999712,"failureMessages":[],"meta":{}},{"ancestorTitles":["EventStore","queryAuditLog"],"fullName":"EventStore queryAuditLog should filter by correlationId","status":"passed","title":"should filter by correlationId","duration":1.0302000000000362,"failureMessages":[],"meta":{}},{"ancestorTitles":["EventStore","queryAuditLog"],"fullName":"EventStore queryAuditLog should filter by date range","status":"passed","title":"should filter by date range","duration":1.4536399999999503,"failureMessages":[],"meta":{}},{"ancestorTitles":["EventStore","queryAuditLog"],"fullName":"EventStore queryAuditLog should apply limit and offset","status":"passed","title":"should apply limit and offset","duration":2.0449200000000474,"failureMessages":[],"meta":{}},{"ancestorTitles":["EventStore","getAuditStats"],"fullName":"EventStore getAuditStats should return audit statistics","status":"passed","title":"should return audit statistics","duration":1.0036799999999175,"failureMessages":[],"meta":{}},{"ancestorTitles":["EventStore","incrementRateLimitHit (in-memory fallback)"],"fullName":"EventStore incrementRateLimitHit (in-memory fallback) should increment and return new count","status":"passed","title":"should increment and return new count","duration":4.089800000000082,"failureMessages":[],"meta":{}},{"ancestorTitles":["EventStore","incrementRateLimitHit (in-memory fallback)"],"fullName":"EventStore incrementRateLimitHit (in-memory fallback) should track different IPs separately","status":"passed","title":"should track different IPs separately","duration":0.7751999999999271,"failureMessages":[],"meta":{}},{"ancestorTitles":["EventStore","getRateLimitHits (in-memory fallback)"],"fullName":"EventStore getRateLimitHits (in-memory fallback) should return 0 for unknown IP","status":"passed","title":"should return 0 for unknown IP","duration":0.6444400000000314,"failureMessages":[],"meta":{}},{"ancestorTitles":["EventStore","getSecurityMetrics (in-memory fallback)"],"fullName":"EventStore getSecurityMetrics (in-memory fallback) should return local metrics","status":"passed","title":"should return local metrics","duration":0.7852400000000443,"failureMessages":[],"meta":{}},{"ancestorTitles":["EventStore","clearSecurityMetrics (in-memory fallback)"],"fullName":"EventStore clearSecurityMetrics (in-memory fallback) should clear all in-memory metrics","status":"passed","title":"should clear all in-memory metrics","duration":0.725879999999961,"failureMessages":[],"meta":{}},{"ancestorTitles":["EventStore","publishToChannel"],"fullName":"EventStore publishToChannel should do nothing without Redis","status":"passed","title":"should do nothing without Redis","duration":4.373079999999959,"failureMessages":[],"meta":{}},{"ancestorTitles":["EventStore","subscribeToChannel"],"fullName":"EventStore subscribeToChannel should warn without Redis subscriber","status":"passed","title":"should warn without Redis subscriber","duration":1.0001600000000508,"failureMessages":[],"meta":{}},{"ancestorTitles":["EventStore","close"],"fullName":"EventStore close should close without Redis connections","status":"passed","title":"should close without Redis connections","duration":0.7962800000000243,"failureMessages":[],"meta":{}},{"ancestorTitles":["EventStore","clearLocalCache"],"fullName":"EventStore clearLocalCache should clear processed events cache","status":"passed","title":"should clear processed events cache","duration":0.7399599999999964,"failureMessages":[],"meta":{}},{"ancestorTitles":["EventStore","getEventStore"],"fullName":"EventStore getEventStore should create a new store with Prisma","status":"passed","title":"should create a new store with Prisma","duration":0.7103199999999106,"failureMessages":[],"meta":{}},{"ancestorTitles":["EventStore","getEventStore"],"fullName":"EventStore getEventStore should return same instance on subsequent calls","status":"passed","title":"should return same instance on subsequent calls","duration":0.790960000000041,"failureMessages":[],"meta":{}},{"ancestorTitles":["EventStore","getEventStore"],"fullName":"EventStore getEventStore should throw when not initialized and no Prisma provided","status":"passed","title":"should throw when not initialized and no Prisma provided","duration":1.2813600000000633,"failureMessages":[],"meta":{}},{"ancestorTitles":["EventStore with Redis"],"fullName":"EventStore with Redis should handle Redis initialization error gracefully","status":"passed","title":"should handle Redis initialization error gracefully","duration":2.226199999999949,"failureMessages":[],"meta":{}},{"ancestorTitles":["EventStore with Redis"],"fullName":"EventStore with Redis should use Redis for idempotency when available","status":"passed","title":"should use Redis for idempotency when available","duration":14.01640000000009,"failureMessages":[],"meta":{}},{"ancestorTitles":["EventStore with Redis"],"fullName":"EventStore with Redis should fall back to local when Redis fails","status":"passed","title":"should fall back to local when Redis fails","duration":2.5525199999999586,"failureMessages":[],"meta":{}}],"startTime":1772274325935,"endTime":1772274326039.5525,"status":"passed","message":"","name":"/tmp/arcana-cloud-nodejs/tests/unit/events/event-store.test.ts"},{"assertionResults":[{"ancestorTitles":["Events Index","initializeEventSystem"],"fullName":"Events Index initializeEventSystem should initialize event system without Redis","status":"passed","title":"should initialize event system without Redis","duration":5.951599999999871,"failureMessages":[],"meta":{}},{"ancestorTitles":["Events Index","initializeEventSystem"],"fullName":"Events Index initializeEventSystem should log initialization details","status":"passed","title":"should log initialization details","duration":1.4626399999999649,"failureMessages":[],"meta":{}},{"ancestorTitles":["Events Index","initializeEventSystem"],"fullName":"Events Index initializeEventSystem should initialize with default config","status":"passed","title":"should initialize with default config","duration":0.6705999999999221,"failureMessages":[],"meta":{}},{"ancestorTitles":["Events Index","setEventBusInstance"],"fullName":"Events Index setEventBusInstance should set custom event bus instance","status":"passed","title":"should set custom event bus instance","duration":0.547839999999951,"failureMessages":[],"meta":{}},{"ancestorTitles":["Events Index","re-exports from events/index.ts"],"fullName":"Events Index re-exports from events/index.ts should export EventBus","status":"passed","title":"should export EventBus","duration":0.4782800000000407,"failureMessages":[],"meta":{}},{"ancestorTitles":["Events Index","re-exports from events/index.ts"],"fullName":"Events Index re-exports from events/index.ts should export EventType","status":"passed","title":"should export EventType","duration":0.3723600000000715,"failureMessages":[],"meta":{}},{"ancestorTitles":["Events Index","re-exports from events/index.ts"],"fullName":"Events Index re-exports from events/index.ts should export Events factory","status":"passed","title":"should export Events factory","duration":0.3162400000001071,"failureMessages":[],"meta":{}},{"ancestorTitles":["Events Index","re-exports from events/index.ts"],"fullName":"Events Index re-exports from events/index.ts should export createEvent","status":"passed","title":"should export createEvent","duration":0.40071999999986474,"failureMessages":[],"meta":{}}],"startTime":1772274331728,"endTime":1772274331739.4006,"status":"passed","message":"","name":"/tmp/arcana-cloud-nodejs/tests/unit/events/events-index.test.ts"},{"assertionResults":[{"ancestorTitles":["Event Handlers","Handler Registration"],"fullName":"Event Handlers Handler Registration should register all handlers without error","status":"passed","title":"should register all handlers without error","duration":5.119159999999965,"failureMessages":[],"meta":{}},{"ancestorTitles":["Event Handlers","Handler Registration"],"fullName":"Event Handlers Handler Registration should register handlers only once","status":"passed","title":"should register handlers only once","duration":0.5573200000000043,"failureMessages":[],"meta":{}},{"ancestorTitles":["Event Handlers","Audit Handler"],"fullName":"Event Handlers Audit Handler should log all events","status":"passed","title":"should log all events","duration":53.00752,"failureMessages":[],"meta":{}},{"ancestorTitles":["Event Handlers","Audit Handler"],"fullName":"Event Handlers Audit Handler should query audit log by event type","status":"passed","title":"should query audit log by event type","duration":54.24612000000002,"failureMessages":[],"meta":{}},{"ancestorTitles":["Event Handlers","Audit Handler"],"fullName":"Event Handlers Audit Handler should query audit log by correlation ID","status":"passed","title":"should query audit log by correlation ID","duration":51.31311900000003,"failureMessages":[],"meta":{}},{"ancestorTitles":["Event Handlers","Audit Handler"],"fullName":"Event Handlers Audit Handler should get audit stats","status":"passed","title":"should get audit stats","duration":53.45136000000002,"failureMessages":[],"meta":{}},{"ancestorTitles":["Event Handlers","Audit Handler"],"fullName":"Event Handlers Audit Handler should clear audit log","status":"passed","title":"should clear audit log","duration":51.22932000000003,"failureMessages":[],"meta":{}},{"ancestorTitles":["Event Handlers","Security Handler"],"fullName":"Event Handlers Security Handler should track rate limit violations","status":"passed","title":"should track rate limit violations","duration":50.76195999999993,"failureMessages":[],"meta":{}},{"ancestorTitles":["Event Handlers","Security Handler"],"fullName":"Event Handlers Security Handler should accumulate rate limit hits","status":"passed","title":"should accumulate rate limit hits","duration":52.36324000000002,"failureMessages":[],"meta":{}},{"ancestorTitles":["Event Handlers","Security Handler"],"fullName":"Event Handlers Security Handler should clear security metrics","status":"passed","title":"should clear security metrics","duration":51.32723899999996,"failureMessages":[],"meta":{}},{"ancestorTitles":["Event Handlers","User Handler"],"fullName":"Event Handlers User Handler should handle user registered event","status":"passed","title":"should handle user registered event","duration":1.157479999999964,"failureMessages":[],"meta":{}},{"ancestorTitles":["Event Handlers","User Handler"],"fullName":"Event Handlers User Handler should handle password changed event","status":"passed","title":"should handle password changed event","duration":0.7674400000000787,"failureMessages":[],"meta":{}},{"ancestorTitles":["Event Handlers","User Handler"],"fullName":"Event Handlers User Handler should handle user status changed event","status":"passed","title":"should handle user status changed event","duration":0.5000400000000127,"failureMessages":[],"meta":{}},{"ancestorTitles":["Event Integration"],"fullName":"Event Integration should process events in correct order","status":"passed","title":"should process events in correct order","duration":0.8923200000000406,"failureMessages":[],"meta":{}},{"ancestorTitles":["Event Integration"],"fullName":"Event Integration should support event chaining","status":"passed","title":"should support event chaining","duration":0.45848000000000866,"failureMessages":[],"meta":{}}],"startTime":1772274327139,"endTime":1772274327567.4585,"status":"passed","message":"","name":"/tmp/arcana-cloud-nodejs/tests/unit/events/handlers.test.ts"},{"assertionResults":[{"ancestorTitles":["Auth Middleware","tokenRequired"],"fullName":"Auth Middleware tokenRequired should authenticate valid bearer token","status":"passed","title":"should authenticate valid bearer token","duration":3.633639999999957,"failureMessages":[],"meta":{}},{"ancestorTitles":["Auth Middleware","tokenRequired"],"fullName":"Auth Middleware tokenRequired should reject missing authorization header","status":"passed","title":"should reject missing authorization header","duration":1.684439999999995,"failureMessages":[],"meta":{}},{"ancestorTitles":["Auth Middleware","tokenRequired"],"fullName":"Auth Middleware tokenRequired should reject non-bearer authorization header","status":"passed","title":"should reject non-bearer authorization header","duration":0.8379600000000096,"failureMessages":[],"meta":{}},{"ancestorTitles":["Auth Middleware","tokenRequired"],"fullName":"Auth Middleware tokenRequired should reject empty authorization header","status":"passed","title":"should reject empty authorization header","duration":0.8027999999999906,"failureMessages":[],"meta":{}},{"ancestorTitles":["Auth Middleware","tokenRequired"],"fullName":"Auth Middleware tokenRequired should pass validation errors to next","status":"passed","title":"should pass validation errors to next","duration":1.1699199999999905,"failureMessages":[],"meta":{}},{"ancestorTitles":["Auth Middleware","tokenRequired"],"fullName":"Auth Middleware tokenRequired should pass unexpected errors to next","status":"passed","title":"should pass unexpected errors to next","duration":0.5997999999999593,"failureMessages":[],"meta":{}},{"ancestorTitles":["Auth Middleware","roleRequired"],"fullName":"Auth Middleware roleRequired should allow user with required role","status":"passed","title":"should allow user with required role","duration":0.9646799999999871,"failureMessages":[],"meta":{}},{"ancestorTitles":["Auth Middleware","roleRequired"],"fullName":"Auth Middleware roleRequired should allow user with one of multiple allowed roles","status":"passed","title":"should allow user with one of multiple allowed roles","duration":0.6110400000000027,"failureMessages":[],"meta":{}},{"ancestorTitles":["Auth Middleware","roleRequired"],"fullName":"Auth Middleware roleRequired should reject user without required role","status":"passed","title":"should reject user without required role","duration":1.712159999999983,"failureMessages":[],"meta":{}},{"ancestorTitles":["Auth Middleware","roleRequired"],"fullName":"Auth Middleware roleRequired should reject unauthenticated user","status":"passed","title":"should reject unauthenticated user","duration":1.3337600000000407,"failureMessages":[],"meta":{}},{"ancestorTitles":["Auth Middleware","optionalAuth"],"fullName":"Auth Middleware optionalAuth should authenticate valid bearer token","status":"passed","title":"should authenticate valid bearer token","duration":0.8753600000000006,"failureMessages":[],"meta":{}},{"ancestorTitles":["Auth Middleware","optionalAuth"],"fullName":"Auth Middleware optionalAuth should continue without user for missing header","status":"passed","title":"should continue without user for missing header","duration":0.3996799999999894,"failureMessages":[],"meta":{}},{"ancestorTitles":["Auth Middleware","optionalAuth"],"fullName":"Auth Middleware optionalAuth should continue without user for non-bearer header","status":"passed","title":"should continue without user for non-bearer header","duration":0.5633599999999888,"failureMessages":[],"meta":{}},{"ancestorTitles":["Auth Middleware","optionalAuth"],"fullName":"Auth Middleware optionalAuth should continue without user for invalid token","status":"passed","title":"should continue without user for invalid token","duration":0.47579999999999245,"failureMessages":[],"meta":{}}],"startTime":1772274328303,"endTime":1772274328320.4758,"status":"passed","message":"","name":"/tmp/arcana-cloud-nodejs/tests/unit/middleware/auth.middleware.test.ts"},{"assertionResults":[{"ancestorTitles":["Error Middleware","errorHandler"],"fullName":"Error Middleware errorHandler should handle NotFoundError","status":"passed","title":"should handle NotFoundError","duration":12.550400000000025,"failureMessages":[],"meta":{}},{"ancestorTitles":["Error Middleware","errorHandler"],"fullName":"Error Middleware errorHandler should handle ValidationError with details","status":"passed","title":"should handle ValidationError with details","duration":2.2206800000000158,"failureMessages":[],"meta":{}},{"ancestorTitles":["Error Middleware","errorHandler"],"fullName":"Error Middleware errorHandler should handle AuthenticationError","status":"passed","title":"should handle AuthenticationError","duration":1.5284399999999891,"failureMessages":[],"meta":{}},{"ancestorTitles":["Error Middleware","errorHandler"],"fullName":"Error Middleware errorHandler should handle AuthorizationError","status":"passed","title":"should handle AuthorizationError","duration":1.1826800000000048,"failureMessages":[],"meta":{}},{"ancestorTitles":["Error Middleware","errorHandler"],"fullName":"Error Middleware errorHandler should handle generic APIException","status":"passed","title":"should handle generic APIException","duration":1.6581600000000094,"failureMessages":[],"meta":{}},{"ancestorTitles":["Error Middleware","errorHandler"],"fullName":"Error Middleware errorHandler should handle generic Error in production (hide details)","status":"passed","title":"should handle generic Error in production (hide details)","duration":5.07808,"failureMessages":[],"meta":{}},{"ancestorTitles":["Error Middleware","errorHandler"],"fullName":"Error Middleware errorHandler should handle generic Error in development (show details)","status":"passed","title":"should handle generic Error in development (show details)","duration":0.9085600000000227,"failureMessages":[],"meta":{}},{"ancestorTitles":["Error Middleware","errorHandler"],"fullName":"Error Middleware errorHandler should include requestId in response","status":"passed","title":"should include requestId in response","duration":0.7098000000000297,"failureMessages":[],"meta":{}},{"ancestorTitles":["Error Middleware","errorHandler"],"fullName":"Error Middleware errorHandler should handle error without requestId","status":"passed","title":"should handle error without requestId","duration":1.5160400000000323,"failureMessages":[],"meta":{}},{"ancestorTitles":["Error Middleware","notFoundHandler"],"fullName":"Error Middleware notFoundHandler should return 404 response","status":"passed","title":"should return 404 response","duration":0.9887999999999693,"failureMessages":[],"meta":{}},{"ancestorTitles":["Error Middleware","notFoundHandler"],"fullName":"Error Middleware notFoundHandler should include requestId in 404 response","status":"passed","title":"should include requestId in 404 response","duration":0.6022799999999506,"failureMessages":[],"meta":{}},{"ancestorTitles":["Error Middleware","notFoundHandler"],"fullName":"Error Middleware notFoundHandler should handle missing requestId","status":"passed","title":"should handle missing requestId","duration":0.5209200000000465,"failureMessages":[],"meta":{}}],"startTime":1772274327781,"endTime":1772274327811.6023,"status":"passed","message":"","name":"/tmp/arcana-cloud-nodejs/tests/unit/middleware/error.middleware.test.ts"},{"assertionResults":[{"ancestorTitles":["Rate Limit Middleware","createRateLimiter"],"fullName":"Rate Limit Middleware createRateLimiter should create rate limiter with default options","status":"passed","title":"should create rate limiter with default options","duration":1.8486399999999321,"failureMessages":[],"meta":{}},{"ancestorTitles":["Rate Limit Middleware","createRateLimiter"],"fullName":"Rate Limit Middleware createRateLimiter should create rate limiter with custom options","status":"passed","title":"should create rate limiter with custom options","duration":0.5325599999999895,"failureMessages":[],"meta":{}},{"ancestorTitles":["Rate Limit Middleware","createRateLimiter"],"fullName":"Rate Limit Middleware createRateLimiter should allow requests within limit","status":"passed","title":"should allow requests within limit","duration":1.2496399999999994,"failureMessages":[],"meta":{}},{"ancestorTitles":["Rate Limit Middleware","createRateLimiter"],"fullName":"Rate Limit Middleware createRateLimiter should block requests exceeding limit","status":"passed","title":"should block requests exceeding limit","duration":1.9051200000000108,"failureMessages":[],"meta":{}},{"ancestorTitles":["Rate Limit Middleware","createRateLimiter"],"fullName":"Rate Limit Middleware createRateLimiter should use custom error message","status":"passed","title":"should use custom error message","duration":0.8444399999999632,"failureMessages":[],"meta":{}},{"ancestorTitles":["Rate Limit Middleware","createRateLimiter"],"fullName":"Rate Limit Middleware createRateLimiter should use default error message when not specified","status":"passed","title":"should use default error message when not specified","duration":1.0006799999999885,"failureMessages":[],"meta":{}},{"ancestorTitles":["Rate Limit Middleware","createRateLimiter"],"fullName":"Rate Limit Middleware createRateLimiter should track requests per IP","status":"passed","title":"should track requests per IP","duration":0.41435999999998785,"failureMessages":[],"meta":{}},{"ancestorTitles":["Rate Limit Middleware","RateLimitError"],"fullName":"Rate Limit Middleware RateLimitError should have correct status code","status":"passed","title":"should have correct status code","duration":0.5563199999999142,"failureMessages":[],"meta":{}},{"ancestorTitles":["Rate Limit Middleware","RateLimitError"],"fullName":"Rate Limit Middleware RateLimitError should have correct error code","status":"passed","title":"should have correct error code","duration":0.6750000000000682,"failureMessages":[],"meta":{}},{"ancestorTitles":["Rate Limit Middleware","RateLimitError"],"fullName":"Rate Limit Middleware RateLimitError should include message","status":"passed","title":"should include message","duration":0.5276400000000194,"failureMessages":[],"meta":{}}],"startTime":1772274329978,"endTime":1772274329989.5276,"status":"passed","message":"","name":"/tmp/arcana-cloud-nodejs/tests/unit/middleware/rate-limit.middleware.test.ts"},{"assertionResults":[{"ancestorTitles":["Request Middleware","requestIdMiddleware"],"fullName":"Request Middleware requestIdMiddleware should generate new request ID when not provided","status":"passed","title":"should generate new request ID when not provided","duration":5.1368400000000065,"failureMessages":[],"meta":{}},{"ancestorTitles":["Request Middleware","requestIdMiddleware"],"fullName":"Request Middleware requestIdMiddleware should use existing request ID from header","status":"passed","title":"should use existing request ID from header","duration":1.3967999999999847,"failureMessages":[],"meta":{}},{"ancestorTitles":["Request Middleware","requestIdMiddleware"],"fullName":"Request Middleware requestIdMiddleware should set request ID on response header","status":"passed","title":"should set request ID on response header","duration":2.6387999999999465,"failureMessages":[],"meta":{}},{"ancestorTitles":["Request Middleware","requestIdMiddleware"],"fullName":"Request Middleware requestIdMiddleware should call next without arguments","status":"passed","title":"should call next without arguments","duration":0.8379599999999527,"failureMessages":[],"meta":{}},{"ancestorTitles":["Request Middleware","requestLoggerMiddleware"],"fullName":"Request Middleware requestLoggerMiddleware should log request completion on finish","status":"passed","title":"should log request completion on finish","duration":3.1133199999999306,"failureMessages":[],"meta":{}},{"ancestorTitles":["Request Middleware","requestLoggerMiddleware"],"fullName":"Request Middleware requestLoggerMiddleware should calculate request duration","status":"passed","title":"should calculate request duration","duration":0.9692800000000261,"failureMessages":[],"meta":{}},{"ancestorTitles":["Request Middleware","requestLoggerMiddleware"],"fullName":"Request Middleware requestLoggerMiddleware should call next without arguments","status":"passed","title":"should call next without arguments","duration":0.767879999999991,"failureMessages":[],"meta":{}},{"ancestorTitles":["Request Middleware","requestLoggerMiddleware"],"fullName":"Request Middleware requestLoggerMiddleware should log different status codes","status":"passed","title":"should log different status codes","duration":0.8929599999999027,"failureMessages":[],"meta":{}},{"ancestorTitles":["Request Middleware","requestLoggerMiddleware"],"fullName":"Request Middleware requestLoggerMiddleware should log different HTTP methods","status":"passed","title":"should log different HTTP methods","duration":1.2208399999999529,"failureMessages":[],"meta":{}},{"ancestorTitles":["Request Middleware","requestLoggerMiddleware"],"fullName":"Request Middleware requestLoggerMiddleware should handle missing user agent","status":"passed","title":"should handle missing user agent","duration":2.453239999999937,"failureMessages":[],"meta":{}},{"ancestorTitles":["Request Middleware","requestLoggerMiddleware"],"fullName":"Request Middleware requestLoggerMiddleware should handle missing IP","status":"passed","title":"should handle missing IP","duration":2.1824000000000296,"failureMessages":[],"meta":{}}],"startTime":1772274329350,"endTime":1772274329373.1824,"status":"passed","message":"","name":"/tmp/arcana-cloud-nodejs/tests/unit/middleware/request.middleware.test.ts"},{"assertionResults":[{"ancestorTitles":["Validation Middleware","validateSchema"],"fullName":"Validation Middleware validateSchema should pass validation for valid data","status":"passed","title":"should pass validation for valid data","duration":6.250639999999976,"failureMessages":[],"meta":{}},{"ancestorTitles":["Validation Middleware","validateSchema"],"fullName":"Validation Middleware validateSchema should pass validation with optional fields","status":"passed","title":"should pass validation with optional fields","duration":1.8685199999999895,"failureMessages":[],"meta":{}},{"ancestorTitles":["Validation Middleware","validateSchema"],"fullName":"Validation Middleware validateSchema should fail validation for missing required field","status":"passed","title":"should fail validation for missing required field","duration":3.324760000000026,"failureMessages":[],"meta":{}},{"ancestorTitles":["Validation Middleware","validateSchema"],"fullName":"Validation Middleware validateSchema should fail validation for invalid email format","status":"passed","title":"should fail validation for invalid email format","duration":0.9360000000000355,"failureMessages":[],"meta":{}},{"ancestorTitles":["Validation Middleware","validateSchema"],"fullName":"Validation Middleware validateSchema should fail validation for username too short","status":"passed","title":"should fail validation for username too short","duration":0.9991999999999734,"failureMessages":[],"meta":{}},{"ancestorTitles":["Validation Middleware","validateSchema"],"fullName":"Validation Middleware validateSchema should fail validation for invalid type","status":"passed","title":"should fail validation for invalid type","duration":0.7035199999999691,"failureMessages":[],"meta":{}},{"ancestorTitles":["Validation Middleware","validateSchema"],"fullName":"Validation Middleware validateSchema should collect multiple validation errors","status":"passed","title":"should collect multiple validation errors","duration":1.0224399999999605,"failureMessages":[],"meta":{}},{"ancestorTitles":["Validation Middleware","validateSchema"],"fullName":"Validation Middleware validateSchema should validate query params","status":"passed","title":"should validate query params","duration":1.026520000000005,"failureMessages":[],"meta":{}},{"ancestorTitles":["Validation Middleware","validateSchema"],"fullName":"Validation Middleware validateSchema should validate route params","status":"passed","title":"should validate route params","duration":2.784719999999993,"failureMessages":[],"meta":{}},{"ancestorTitles":["Validation Middleware","validateSchema"],"fullName":"Validation Middleware validateSchema should pass non-Zod errors to next","status":"passed","title":"should pass non-Zod errors to next","duration":0.9550399999999968,"failureMessages":[],"meta":{}},{"ancestorTitles":["Validation Middleware","validatePagination"],"fullName":"Validation Middleware validatePagination should use default values when no query params","status":"passed","title":"should use default values when no query params","duration":0.5067599999999857,"failureMessages":[],"meta":{}},{"ancestorTitles":["Validation Middleware","validatePagination"],"fullName":"Validation Middleware validatePagination should parse valid pagination values","status":"passed","title":"should parse valid pagination values","duration":0.4774800000000141,"failureMessages":[],"meta":{}},{"ancestorTitles":["Validation Middleware","validatePagination"],"fullName":"Validation Middleware validatePagination should enforce minimum page value","status":"passed","title":"should enforce minimum page value","duration":0.3018000000000143,"failureMessages":[],"meta":{}},{"ancestorTitles":["Validation Middleware","validatePagination"],"fullName":"Validation Middleware validatePagination should enforce minimum perPage value","status":"passed","title":"should enforce minimum perPage value","duration":0.27107999999998356,"failureMessages":[],"meta":{}},{"ancestorTitles":["Validation Middleware","validatePagination"],"fullName":"Validation Middleware validatePagination should use default for zero perPage","status":"passed","title":"should use default for zero perPage","duration":0.33499999999997954,"failureMessages":[],"meta":{}},{"ancestorTitles":["Validation Middleware","validatePagination"],"fullName":"Validation Middleware validatePagination should enforce default maximum perPage","status":"passed","title":"should enforce default maximum perPage","duration":0.4124400000000037,"failureMessages":[],"meta":{}},{"ancestorTitles":["Validation Middleware","validatePagination"],"fullName":"Validation Middleware validatePagination should use custom maxPerPage option","status":"passed","title":"should use custom maxPerPage option","duration":0.33812000000000353,"failureMessages":[],"meta":{}},{"ancestorTitles":["Validation Middleware","validatePagination"],"fullName":"Validation Middleware validatePagination should handle negative page values","status":"passed","title":"should handle negative page values","duration":0.27095999999994547,"failureMessages":[],"meta":{}},{"ancestorTitles":["Validation Middleware","validatePagination"],"fullName":"Validation Middleware validatePagination should handle negative perPage values","status":"passed","title":"should handle negative perPage values","duration":0.26315999999997075,"failureMessages":[],"meta":{}},{"ancestorTitles":["Validation Middleware","validatePagination"],"fullName":"Validation Middleware validatePagination should handle non-numeric page values","status":"passed","title":"should handle non-numeric page values","duration":0.26992000000001326,"failureMessages":[],"meta":{}},{"ancestorTitles":["Validation Middleware","validatePagination"],"fullName":"Validation Middleware validatePagination should handle non-numeric perPage values","status":"passed","title":"should handle non-numeric perPage values","duration":2.517560000000003,"failureMessages":[],"meta":{}}],"startTime":1772274327522,"endTime":1772274327548.5176,"status":"passed","message":"","name":"/tmp/arcana-cloud-nodejs/tests/unit/middleware/validation.middleware.test.ts"},{"assertionResults":[{"ancestorTitles":["OAuthTokenRepositoryImpl","create"],"fullName":"OAuthTokenRepositoryImpl create should create a new token","status":"passed","title":"should create a new token","duration":15.332080000000019,"failureMessages":[],"meta":{}},{"ancestorTitles":["OAuthTokenRepositoryImpl","getById"],"fullName":"OAuthTokenRepositoryImpl getById should return token by id","status":"passed","title":"should return token by id","duration":1.761920000000032,"failureMessages":[],"meta":{}},{"ancestorTitles":["OAuthTokenRepositoryImpl","getById"],"fullName":"OAuthTokenRepositoryImpl getById should return null if token not found","status":"passed","title":"should return null if token not found","duration":0.7521199999999908,"failureMessages":[],"meta":{}},{"ancestorTitles":["OAuthTokenRepositoryImpl","getByAccessToken"],"fullName":"OAuthTokenRepositoryImpl getByAccessToken should return token by access token","status":"passed","title":"should return token by access token","duration":1.4467199999999139,"failureMessages":[],"meta":{}},{"ancestorTitles":["OAuthTokenRepositoryImpl","getByAccessToken"],"fullName":"OAuthTokenRepositoryImpl getByAccessToken should return null if token not found","status":"passed","title":"should return null if token not found","duration":0.5344799999999168,"failureMessages":[],"meta":{}},{"ancestorTitles":["OAuthTokenRepositoryImpl","getByRefreshToken"],"fullName":"OAuthTokenRepositoryImpl getByRefreshToken should return token by refresh token","status":"passed","title":"should return token by refresh token","duration":3.2391999999999825,"failureMessages":[],"meta":{}},{"ancestorTitles":["OAuthTokenRepositoryImpl","getActiveForUser"],"fullName":"OAuthTokenRepositoryImpl getActiveForUser should return active tokens for user","status":"passed","title":"should return active tokens for user","duration":2.6776399999999967,"failureMessages":[],"meta":{}},{"ancestorTitles":["OAuthTokenRepositoryImpl","revoke"],"fullName":"OAuthTokenRepositoryImpl revoke should revoke token","status":"passed","title":"should revoke token","duration":3.4988799999999856,"failureMessages":[],"meta":{}},{"ancestorTitles":["OAuthTokenRepositoryImpl","revokeAllForUser"],"fullName":"OAuthTokenRepositoryImpl revokeAllForUser should revoke all tokens for user","status":"passed","title":"should revoke all tokens for user","duration":2.428839999999923,"failureMessages":[],"meta":{}},{"ancestorTitles":["OAuthTokenRepositoryImpl","deleteExpired"],"fullName":"OAuthTokenRepositoryImpl deleteExpired should delete expired tokens","status":"passed","title":"should delete expired tokens","duration":0.8675200000000132,"failureMessages":[],"meta":{}}],"startTime":1772274330134,"endTime":1772274330169.8674,"status":"passed","message":"","name":"/tmp/arcana-cloud-nodejs/tests/unit/repositories/oauth-token.repository.test.ts"},{"assertionResults":[{"ancestorTitles":["UserRepositoryImpl","create"],"fullName":"UserRepositoryImpl create should create a new user","status":"passed","title":"should create a new user","duration":15.707279999999969,"failureMessages":[],"meta":{}},{"ancestorTitles":["UserRepositoryImpl","getById"],"fullName":"UserRepositoryImpl getById should return user by id","status":"passed","title":"should return user by id","duration":1.211879999999951,"failureMessages":[],"meta":{}},{"ancestorTitles":["UserRepositoryImpl","getById"],"fullName":"UserRepositoryImpl getById should return null if user not found","status":"passed","title":"should return null if user not found","duration":0.3973200000000361,"failureMessages":[],"meta":{}},{"ancestorTitles":["UserRepositoryImpl","getByUsername"],"fullName":"UserRepositoryImpl getByUsername should return user by username","status":"passed","title":"should return user by username","duration":3.409080000000017,"failureMessages":[],"meta":{}},{"ancestorTitles":["UserRepositoryImpl","getByUsername"],"fullName":"UserRepositoryImpl getByUsername should return null if user not found","status":"passed","title":"should return null if user not found","duration":0.39459999999996853,"failureMessages":[],"meta":{}},{"ancestorTitles":["UserRepositoryImpl","getByEmail"],"fullName":"UserRepositoryImpl getByEmail should return user by email","status":"passed","title":"should return user by email","duration":0.8949200000000133,"failureMessages":[],"meta":{}},{"ancestorTitles":["UserRepositoryImpl","getByEmail"],"fullName":"UserRepositoryImpl getByEmail should return null if user not found","status":"passed","title":"should return null if user not found","duration":0.3592399999999998,"failureMessages":[],"meta":{}},{"ancestorTitles":["UserRepositoryImpl","update"],"fullName":"UserRepositoryImpl update should update user","status":"passed","title":"should update user","duration":0.7609999999999673,"failureMessages":[],"meta":{}},{"ancestorTitles":["UserRepositoryImpl","delete"],"fullName":"UserRepositoryImpl delete should delete user and return true","status":"passed","title":"should delete user and return true","duration":1.25612000000001,"failureMessages":[],"meta":{}},{"ancestorTitles":["UserRepositoryImpl","getAll"],"fullName":"UserRepositoryImpl getAll should return paginated users","status":"passed","title":"should return paginated users","duration":1.2922800000000052,"failureMessages":[],"meta":{}},{"ancestorTitles":["UserRepositoryImpl","getAll"],"fullName":"UserRepositoryImpl getAll should filter by role","status":"passed","title":"should filter by role","duration":0.8720400000000268,"failureMessages":[],"meta":{}},{"ancestorTitles":["UserRepositoryImpl","getAll"],"fullName":"UserRepositoryImpl getAll should filter by status","status":"passed","title":"should filter by status","duration":0.8705199999999991,"failureMessages":[],"meta":{}},{"ancestorTitles":["UserRepositoryImpl","getAll"],"fullName":"UserRepositoryImpl getAll should calculate correct skip for pagination","status":"passed","title":"should calculate correct skip for pagination","duration":0.5569600000000037,"failureMessages":[],"meta":{}},{"ancestorTitles":["UserRepositoryImpl","getCount"],"fullName":"UserRepositoryImpl getCount should return total count","status":"passed","title":"should return total count","duration":0.46588000000002694,"failureMessages":[],"meta":{}},{"ancestorTitles":["UserRepositoryImpl","getCount"],"fullName":"UserRepositoryImpl getCount should return filtered count","status":"passed","title":"should return filtered count","duration":1.9700399999999831,"failureMessages":[],"meta":{}},{"ancestorTitles":["UserRepositoryImpl","updateLastLogin"],"fullName":"UserRepositoryImpl updateLastLogin should update last login timestamp","status":"passed","title":"should update last login timestamp","duration":0.6501999999999839,"failureMessages":[],"meta":{}}],"startTime":1772274328630,"endTime":1772274328663.6501,"status":"passed","message":"","name":"/tmp/arcana-cloud-nodejs/tests/unit/repositories/user.repository.test.ts"},{"assertionResults":[{"ancestorTitles":["OAuthTokenRepositoryImpl (repository layer)","save"],"fullName":"OAuthTokenRepositoryImpl (repository layer) save should delegate to dao.create","status":"passed","title":"should delegate to dao.create","duration":4.873839999999973,"failureMessages":[],"meta":{}},{"ancestorTitles":["OAuthTokenRepositoryImpl (repository layer)","update"],"fullName":"OAuthTokenRepositoryImpl (repository layer) update should use revoke when setting isRevoked=true","status":"passed","title":"should use revoke when setting isRevoked=true","duration":1.4997200000000248,"failureMessages":[],"meta":{}},{"ancestorTitles":["OAuthTokenRepositoryImpl (repository layer)","update"],"fullName":"OAuthTokenRepositoryImpl (repository layer) update should throw for unsupported generic updates","status":"passed","title":"should throw for unsupported generic updates","duration":1.714360000000056,"failureMessages":[],"meta":{}},{"ancestorTitles":["OAuthTokenRepositoryImpl (repository layer)","update"],"fullName":"OAuthTokenRepositoryImpl (repository layer) update should throw for multi-field updates not matching single isRevoked","status":"passed","title":"should throw for multi-field updates not matching single isRevoked","duration":0.7126799999999776,"failureMessages":[],"meta":{}},{"ancestorTitles":["OAuthTokenRepositoryImpl (repository layer)","findById"],"fullName":"OAuthTokenRepositoryImpl (repository layer) findById should delegate to dao.getById","status":"passed","title":"should delegate to dao.getById","duration":2.8859599999999546,"failureMessages":[],"meta":{}},{"ancestorTitles":["OAuthTokenRepositoryImpl (repository layer)","findById"],"fullName":"OAuthTokenRepositoryImpl (repository layer) findById should return null if not found","status":"passed","title":"should return null if not found","duration":0.8034399999999096,"failureMessages":[],"meta":{}},{"ancestorTitles":["OAuthTokenRepositoryImpl (repository layer)","findAll"],"fullName":"OAuthTokenRepositoryImpl (repository layer) findAll should throw unsupported error","status":"passed","title":"should throw unsupported error","duration":0.6438400000000684,"failureMessages":[],"meta":{}},{"ancestorTitles":["OAuthTokenRepositoryImpl (repository layer)","count"],"fullName":"OAuthTokenRepositoryImpl (repository layer) count should throw unsupported error","status":"passed","title":"should throw unsupported error","duration":0.7771599999999808,"failureMessages":[],"meta":{}},{"ancestorTitles":["OAuthTokenRepositoryImpl (repository layer)","deleteById"],"fullName":"OAuthTokenRepositoryImpl (repository layer) deleteById should delegate to dao.revoke","status":"passed","title":"should delegate to dao.revoke","duration":13.260239999999953,"failureMessages":[],"meta":{}},{"ancestorTitles":["OAuthTokenRepositoryImpl (repository layer)","existsById"],"fullName":"OAuthTokenRepositoryImpl (repository layer) existsById should return true if token exists","status":"passed","title":"should return true if token exists","duration":0.5953200000000152,"failureMessages":[],"meta":{}},{"ancestorTitles":["OAuthTokenRepositoryImpl (repository layer)","existsById"],"fullName":"OAuthTokenRepositoryImpl (repository layer) existsById should return false if token does not exist","status":"passed","title":"should return false if token does not exist","duration":0.3834799999999632,"failureMessages":[],"meta":{}},{"ancestorTitles":["OAuthTokenRepositoryImpl (repository layer)","findByAccessToken"],"fullName":"OAuthTokenRepositoryImpl (repository layer) findByAccessToken should delegate to dao.getByAccessToken","status":"passed","title":"should delegate to dao.getByAccessToken","duration":2.1639999999999873,"failureMessages":[],"meta":{}},{"ancestorTitles":["OAuthTokenRepositoryImpl (repository layer)","findByAccessToken"],"fullName":"OAuthTokenRepositoryImpl (repository layer) findByAccessToken should return null if not found","status":"passed","title":"should return null if not found","duration":0.8202800000000252,"failureMessages":[],"meta":{}},{"ancestorTitles":["OAuthTokenRepositoryImpl (repository layer)","findByRefreshToken"],"fullName":"OAuthTokenRepositoryImpl (repository layer) findByRefreshToken should delegate to dao.getByRefreshToken","status":"passed","title":"should delegate to dao.getByRefreshToken","duration":0.6719200000000001,"failureMessages":[],"meta":{}},{"ancestorTitles":["OAuthTokenRepositoryImpl (repository layer)","findByRefreshToken"],"fullName":"OAuthTokenRepositoryImpl (repository layer) findByRefreshToken should return null if not found","status":"passed","title":"should return null if not found","duration":0.8474800000000187,"failureMessages":[],"meta":{}},{"ancestorTitles":["OAuthTokenRepositoryImpl (repository layer)","findActiveByUserId"],"fullName":"OAuthTokenRepositoryImpl (repository layer) findActiveByUserId should delegate to dao.getActiveForUser","status":"passed","title":"should delegate to dao.getActiveForUser","duration":0.7320400000000973,"failureMessages":[],"meta":{}},{"ancestorTitles":["OAuthTokenRepositoryImpl (repository layer)","findActiveByUserId"],"fullName":"OAuthTokenRepositoryImpl (repository layer) findActiveByUserId should return empty array if no active tokens","status":"passed","title":"should return empty array if no active tokens","duration":0.44311999999990803,"failureMessages":[],"meta":{}},{"ancestorTitles":["OAuthTokenRepositoryImpl (repository layer)","revoke"],"fullName":"OAuthTokenRepositoryImpl (repository layer) revoke should delegate to dao.revoke","status":"passed","title":"should delegate to dao.revoke","duration":0.8172399999999698,"failureMessages":[],"meta":{}},{"ancestorTitles":["OAuthTokenRepositoryImpl (repository layer)","revokeAllByUserId"],"fullName":"OAuthTokenRepositoryImpl (repository layer) revokeAllByUserId should delegate to dao.revokeAllForUser","status":"passed","title":"should delegate to dao.revokeAllForUser","duration":0.5338400000000547,"failureMessages":[],"meta":{}},{"ancestorTitles":["OAuthTokenRepositoryImpl (repository layer)","deleteExpired"],"fullName":"OAuthTokenRepositoryImpl (repository layer) deleteExpired should delegate to dao.deleteExpired","status":"passed","title":"should delegate to dao.deleteExpired","duration":0.49688000000003285,"failureMessages":[],"meta":{}}],"startTime":1772274328651,"endTime":1772274328698.534,"status":"passed","message":"","name":"/tmp/arcana-cloud-nodejs/tests/unit/repository/oauth-token.repository.impl.test.ts"},{"assertionResults":[{"ancestorTitles":["UserRepositoryImpl (repository layer)","save"],"fullName":"UserRepositoryImpl (repository layer) save should delegate to dao.create","status":"passed","title":"should delegate to dao.create","duration":6.083280000000002,"failureMessages":[],"meta":{}},{"ancestorTitles":["UserRepositoryImpl (repository layer)","update"],"fullName":"UserRepositoryImpl (repository layer) update should delegate to dao.update","status":"passed","title":"should delegate to dao.update","duration":1.044399999999996,"failureMessages":[],"meta":{}},{"ancestorTitles":["UserRepositoryImpl (repository layer)","findById"],"fullName":"UserRepositoryImpl (repository layer) findById should delegate to dao.getById and return user","status":"passed","title":"should delegate to dao.getById and return user","duration":1.0409999999999968,"failureMessages":[],"meta":{}},{"ancestorTitles":["UserRepositoryImpl (repository layer)","findById"],"fullName":"UserRepositoryImpl (repository layer) findById should return null if user not found","status":"passed","title":"should return null if user not found","duration":0.5862799999999879,"failureMessages":[],"meta":{}},{"ancestorTitles":["UserRepositoryImpl (repository layer)","findAll"],"fullName":"UserRepositoryImpl (repository layer) findAll should return all users via paginated call","status":"passed","title":"should return all users via paginated call","duration":1.6194400000000542,"failureMessages":[],"meta":{}},{"ancestorTitles":["UserRepositoryImpl (repository layer)","count"],"fullName":"UserRepositoryImpl (repository layer) count should delegate to dao.getCount without params","status":"passed","title":"should delegate to dao.getCount without params","duration":0.7442800000000034,"failureMessages":[],"meta":{}},{"ancestorTitles":["UserRepositoryImpl (repository layer)","count"],"fullName":"UserRepositoryImpl (repository layer) count should delegate to dao.getCount with params","status":"passed","title":"should delegate to dao.getCount with params","duration":0.821360000000027,"failureMessages":[],"meta":{}},{"ancestorTitles":["UserRepositoryImpl (repository layer)","deleteById"],"fullName":"UserRepositoryImpl (repository layer) deleteById should delegate to dao.delete","status":"passed","title":"should delegate to dao.delete","duration":0.6462399999999775,"failureMessages":[],"meta":{}},{"ancestorTitles":["UserRepositoryImpl (repository layer)","existsById"],"fullName":"UserRepositoryImpl (repository layer) existsById should return true if u
[...]
dUniqueJob"],"fullName":"Queue addUniqueJob should throw error if queue not found","status":"passed","title":"should throw error if queue not found","duration":0.5586399999999685,"failureMessages":[],"meta":{}},{"ancestorTitles":["Queue","closeQueues"],"fullName":"Queue closeQueues should close all workers, schedulers, and queues","status":"passed","title":"should close all workers, schedulers, and queues","duration":0.4778400000000147,"failureMessages":[],"meta":{}},{"ancestorTitles":["Queue","closeQueues"],"fullName":"Queue closeQueues should close Redis connection","status":"passed","title":"should close Redis connection","duration":0.24979999999999336,"failureMessages":[],"meta":{}}],"startTime":1772274326772,"endTime":1772274326803.2498,"status":"passed","message":"","name":"/tmp/arcana-cloud-nodejs/tests/unit/tasks/queue.test.ts"},{"assertionResults":[{"ancestorTitles":["Scheduled Tasks","initializeScheduledTasks"],"fullName":"Scheduled Tasks initializeScheduledTasks should create queue","status":"passed","title":"should create queue","duration":6.745239999999967,"failureMessages":[],"meta":{}},{"ancestorTitles":["Scheduled Tasks","initializeScheduledTasks"],"fullName":"Scheduled Tasks initializeScheduledTasks should create worker","status":"passed","title":"should create worker","duration":2.5486399999999776,"failureMessages":[],"meta":{}},{"ancestorTitles":["Scheduled Tasks","initializeScheduledTasks"],"fullName":"Scheduled Tasks initializeScheduledTasks should start leader election","status":"passed","title":"should start leader election","duration":2.1004800000000046,"failureMessages":[],"meta":{}},{"ancestorTitles":["Scheduled Tasks","initializeScheduledTasks"],"fullName":"Scheduled Tasks initializeScheduledTasks should schedule recurring jobs when becoming leader","status":"passed","title":"should schedule recurring jobs when becoming leader","duration":61.933678999999984,"failureMessages":[],"meta":{}},{"ancestorTitles":["Scheduled Tasks","shutdownScheduledTasks"],"fullName":"Scheduled Tasks shutdownScheduledTasks should stop leader election","status":"passed","title":"should stop leader election","duration":0.7501200000000381,"failureMessages":[],"meta":{}},{"ancestorTitles":["Scheduled Tasks","shutdownScheduledTasks"],"fullName":"Scheduled Tasks shutdownScheduledTasks should handle shutdown when not initialized","status":"passed","title":"should handle shutdown when not initialized","duration":0.32380000000000564,"failureMessages":[],"meta":{}},{"ancestorTitles":["Scheduled Tasks","triggerScheduledJob"],"fullName":"Scheduled Tasks triggerScheduledJob should trigger cleanup tokens job","status":"passed","title":"should trigger cleanup tokens job","duration":1.0329600000000028,"failureMessages":[],"meta":{}},{"ancestorTitles":["Scheduled Tasks","triggerScheduledJob"],"fullName":"Scheduled Tasks triggerScheduledJob should trigger cleanup users job","status":"passed","title":"should trigger cleanup users job","duration":2.1097599999999943,"failureMessages":[],"meta":{}},{"ancestorTitles":["Scheduled Tasks","triggerScheduledJob"],"fullName":"Scheduled Tasks triggerScheduledJob should trigger report generation job","status":"passed","title":"should trigger report generation job","duration":1.8507600000000366,"failureMessages":[],"meta":{}},{"ancestorTitles":["Scheduled Tasks","triggerScheduledJob"],"fullName":"Scheduled Tasks triggerScheduledJob should include unique job ID with timestamp","status":"passed","title":"should include unique job ID with timestamp","duration":1.812279999999987,"failureMessages":[],"meta":{}},{"ancestorTitles":["Scheduled Tasks","ScheduledJobType"],"fullName":"Scheduled Tasks ScheduledJobType should have correct job type values","status":"passed","title":"should have correct job type values","duration":0.4316000000000031,"failureMessages":[],"meta":{}}],"startTime":1772274328718,"endTime":1772274328800.4316,"status":"passed","message":"","name":"/tmp/arcana-cloud-nodejs/tests/unit/tasks/scheduled.tasks.test.ts"},{"assertionResults":[{"ancestorTitles":["Tasks Index","initializeTasks"],"fullName":"Tasks Index initializeTasks should return false and warn when Redis is not configured","status":"passed","title":"should return false and warn when Redis is not configured","duration":4.204520000000002,"failureMessages":[],"meta":{}},{"ancestorTitles":["Tasks Index","initializeTasks"],"fullName":"Tasks Index initializeTasks should initialize tasks when Redis is configured","status":"passed","title":"should initialize tasks when Redis is configured","duration":0.8179200000000719,"failureMessages":[],"meta":{}},{"ancestorTitles":["Tasks Index","initializeTasks"],"fullName":"Tasks Index initializeTasks should return false when initialization throws","status":"passed","title":"should return false when initialization throws","duration":0.6716799999999239,"failureMessages":[],"meta":{}},{"ancestorTitles":["Tasks Index","shutdownTasks"],"fullName":"Tasks Index shutdownTasks should call shutdown on all task systems","status":"passed","title":"should call shutdown on all task systems","duration":9.568160000000034,"failureMessages":[],"meta":{}},{"ancestorTitles":["Tasks Index","shutdownTasks"],"fullName":"Tasks Index shutdownTasks should handle shutdown errors gracefully","status":"passed","title":"should handle shutdown errors gracefully","duration":1.6809999999999263,"failureMessages":[],"meta":{}}],"startTime":1772274330514,"endTime":1772274330531.681,"status":"passed","message":"","name":"/tmp/arcana-cloud-nodejs/tests/unit/tasks/tasks-index.test.ts"},{"assertionResults":[{"ancestorTitles":["Exceptions","APIException"],"fullName":"Exceptions APIException should create exception with default values","status":"passed","title":"should create exception with default values","duration":2.1051199999999426,"failureMessages":[],"meta":{}},{"ancestorTitles":["Exceptions","APIException"],"fullName":"Exceptions APIException should create exception with custom values","status":"passed","title":"should create exception with custom values","duration":0.914160000000038,"failureMessages":[],"meta":{}},{"ancestorTitles":["Exceptions","APIException"],"fullName":"Exceptions APIException should be an instance of Error","status":"passed","title":"should be an instance of Error","duration":0.3824000000000751,"failureMessages":[],"meta":{}},{"ancestorTitles":["Exceptions","APIException"],"fullName":"Exceptions APIException should have stack trace","status":"passed","title":"should have stack trace","duration":4.77031999999997,"failureMessages":[],"meta":{}},{"ancestorTitles":["Exceptions","ValidationError"],"fullName":"Exceptions ValidationError should create with default message","status":"passed","title":"should create with default message","duration":0.6710399999999481,"failureMessages":[],"meta":{}},{"ancestorTitles":["Exceptions","ValidationError"],"fullName":"Exceptions ValidationError should create with custom message and details","status":"passed","title":"should create with custom message and details","duration":0.44428000000004886,"failureMessages":[],"meta":{}},{"ancestorTitles":["Exceptions","ValidationError"],"fullName":"Exceptions ValidationError should be an instance of APIException","status":"passed","title":"should be an instance of APIException","duration":0.2638399999999592,"failureMessages":[],"meta":{}},{"ancestorTitles":["Exceptions","AuthenticationError"],"fullName":"Exceptions AuthenticationError should create with default message","status":"passed","title":"should create with default message","duration":0.3382000000000289,"failureMessages":[],"meta":{}},{"ancestorTitles":["Exceptions","AuthenticationError"],"fullName":"Exceptions AuthenticationError should create with custom message","status":"passed","title":"should create with custom message","duration":0.8126800000000003,"failureMessages":[],"meta":{}},{"ancestorTitles":["Exceptions","AuthorizationError"],"fullName":"Exceptions AuthorizationError should create with default message","status":"passed","title":"should create with default message","duration":0.5839999999999463,"failureMessages":[],"meta":{}},{"ancestorTitles":["Exceptions","AuthorizationError"],"fullName":"Exceptions AuthorizationError should create with custom message","status":"passed","title":"should create with custom message","duration":0.34583999999995285,"failureMessages":[],"meta":{}},{"ancestorTitles":["Exceptions","NotFoundError"],"fullName":"Exceptions NotFoundError should create with default message","status":"passed","title":"should create with default message","duration":0.5708399999999756,"failureMessages":[],"meta":{}},{"ancestorTitles":["Exceptions","NotFoundError"],"fullName":"Exceptions NotFoundError should create with custom message","status":"passed","title":"should create with custom message","duration":0.43876000000000204,"failureMessages":[],"meta":{}},{"ancestorTitles":["Exceptions","ConflictError"],"fullName":"Exceptions ConflictError should create with default message","status":"passed","title":"should create with default message","duration":0.36039999999991323,"failureMessages":[],"meta":{}},{"ancestorTitles":["Exceptions","ConflictError"],"fullName":"Exceptions ConflictError should create with custom message","status":"passed","title":"should create with custom message","duration":0.2759200000000419,"failureMessages":[],"meta":{}},{"ancestorTitles":["Exceptions","RateLimitError"],"fullName":"Exceptions RateLimitError should create with default message","status":"passed","title":"should create with default message","duration":0.40435999999999694,"failureMessages":[],"meta":{}},{"ancestorTitles":["Exceptions","RateLimitError"],"fullName":"Exceptions RateLimitError should create with custom message","status":"passed","title":"should create with custom message","duration":0.21407999999996719,"failureMessages":[],"meta":{}}],"startTime":1772274330592,"endTime":1772274330608.4043,"status":"passed","message":"","name":"/tmp/arcana-cloud-nodejs/tests/unit/utils/exceptions.test.ts"},{"assertionResults":[{"ancestorTitles":["Helper Utils","delay"],"fullName":"Helper Utils delay should delay execution","status":"passed","title":"should delay execution","duration":13.207360000000051,"failureMessages":[],"meta":{}},{"ancestorTitles":["Helper Utils","delay"],"fullName":"Helper Utils delay should resolve after specified time","status":"passed","title":"should resolve after specified time","duration":2.318359999999984,"failureMessages":[],"meta":{}},{"ancestorTitles":["Helper Utils","omit"],"fullName":"Helper Utils omit should omit specified keys","status":"passed","title":"should omit specified keys","duration":1.016479000000004,"failureMessages":[],"meta":{}},{"ancestorTitles":["Helper Utils","omit"],"fullName":"Helper Utils omit should handle empty keys array","status":"passed","title":"should handle empty keys array","duration":3.731519999999989,"failureMessages":[],"meta":{}},{"ancestorTitles":["Helper Utils","omit"],"fullName":"Helper Utils omit should not modify original object","status":"passed","title":"should not modify original object","duration":2.231119999999976,"failureMessages":[],"meta":{}},{"ancestorTitles":["Helper Utils","omit"],"fullName":"Helper Utils omit should handle non-existent keys","status":"passed","title":"should handle non-existent keys","duration":0.5009999999999764,"failureMessages":[],"meta":{}},{"ancestorTitles":["Helper Utils","pick"],"fullName":"Helper Utils pick should pick specified keys","status":"passed","title":"should pick specified keys","duration":1.9951199999999858,"failureMessages":[],"meta":{}},{"ancestorTitles":["Helper Utils","pick"],"fullName":"Helper Utils pick should handle empty keys array","status":"passed","title":"should handle empty keys array","duration":0.3065599999999904,"failureMessages":[],"meta":{}},{"ancestorTitles":["Helper Utils","pick"],"fullName":"Helper Utils pick should not modify original object","status":"passed","title":"should not modify original object","duration":0.45051999999998316,"failureMessages":[],"meta":{}},{"ancestorTitles":["Helper Utils","pick"],"fullName":"Helper Utils pick should ignore non-existent keys","status":"passed","title":"should ignore non-existent keys","duration":0.28799999999995407,"failureMessages":[],"meta":{}},{"ancestorTitles":["Helper Utils","isValidEmail"],"fullName":"Helper Utils isValidEmail should return true for valid emails","status":"passed","title":"should return true for valid emails","duration":8.02443999999997,"failureMessages":[],"meta":{}},{"ancestorTitles":["Helper Utils","isValidEmail"],"fullName":"Helper Utils isValidEmail should return false for invalid emails","status":"passed","title":"should return false for invalid emails","duration":0.37243999999998323,"failureMessages":[],"meta":{}},{"ancestorTitles":["Helper Utils","generateRandomString"],"fullName":"Helper Utils generateRandomString should generate string of specified length","status":"passed","title":"should generate string of specified length","duration":4.514119999999991,"failureMessages":[],"meta":{}},{"ancestorTitles":["Helper Utils","generateRandomString"],"fullName":"Helper Utils generateRandomString should generate different strings","status":"passed","title":"should generate different strings","duration":3.7861599999999953,"failureMessages":[],"meta":{}},{"ancestorTitles":["Helper Utils","generateRandomString"],"fullName":"Helper Utils generateRandomString should only contain alphanumeric characters","status":"passed","title":"should only contain alphanumeric characters","duration":0.3562400000000139,"failureMessages":[],"meta":{}},{"ancestorTitles":["Helper Utils","generateRandomString"],"fullName":"Helper Utils generateRandomString should handle length of 0","status":"passed","title":"should handle length of 0","duration":0.2140399999999545,"failureMessages":[],"meta":{}},{"ancestorTitles":["Helper Utils","parseBoolean"],"fullName":"Helper Utils parseBoolean should return true for \"true\" string","status":"passed","title":"should return true for \"true\" string","duration":2.1741200000000163,"failureMessages":[],"meta":{}},{"ancestorTitles":["Helper Utils","parseBoolean"],"fullName":"Helper Utils parseBoolean should return true for \"1\" string","status":"passed","title":"should return true for \"1\" string","duration":0.34007999999994354,"failureMessages":[],"meta":{}},{"ancestorTitles":["Helper Utils","parseBoolean"],"fullName":"Helper Utils parseBoolean should return false for \"false\" string","status":"passed","title":"should return false for \"false\" string","duration":0.22048000000006596,"failureMessages":[],"meta":{}},{"ancestorTitles":["Helper Utils","parseBoolean"],"fullName":"Helper Utils parseBoolean should return false for other strings","status":"passed","title":"should return false for other strings","duration":1.3777199999999539,"failureMessages":[],"meta":{}},{"ancestorTitles":["Helper Utils","parseBoolean"],"fullName":"Helper Utils parseBoolean should return default value for undefined","status":"passed","title":"should return default value for undefined","duration":0.4070800000000645,"failureMessages":[],"meta":{}},{"ancestorTitles":["Helper Utils","calculateTotalPages"],"fullName":"Helper Utils calculateTotalPages should calculate correct total pages","status":"passed","title":"should calculate correct total pages","duration":0.5792399999999134,"failureMessages":[],"meta":{}},{"ancestorTitles":["Helper Utils","calculateTotalPages"],"fullName":"Helper Utils calculateTotalPages should handle zero total","status":"passed","title":"should handle zero total","duration":0.29072000000007847,"failureMessages":[],"meta":{}},{"ancestorTitles":["Helper Utils","calculateTotalPages"],"fullName":"Helper Utils calculateTotalPages should handle total less than perPage","status":"passed","title":"should handle total less than perPage","duration":0.35904000000005,"failureMessages":[],"meta":{}},{"ancestorTitles":["Helper Utils","calculateTotalPages"],"fullName":"Helper Utils calculateTotalPages should handle exact division","status":"passed","title":"should handle exact division","duration":0.21680000000003474,"failureMessages":[],"meta":{}}],"startTime":1772274329737,"endTime":1772274329792.3591,"status":"passed","message":"","name":"/tmp/arcana-cloud-nodejs/tests/unit/utils/helpers.test.ts"},{"assertionResults":[{"ancestorTitles":["Logger"],"fullName":"Logger should export a logger instance","status":"passed","title":"should export a logger instance","duration":43.13344000000001,"failureMessages":[],"meta":{}},{"ancestorTitles":["Logger"],"fullName":"Logger should create child logger","status":"passed","title":"should create child logger","duration":1.1555999999999926,"failureMessages":[],"meta":{}},{"ancestorTitles":["Logger"],"fullName":"Logger should be callable without throwing","status":"passed","title":"should be callable without throwing","duration":3.6288399999999683,"failureMessages":[],"meta":{}}],"startTime":1772274332200,"endTime":1772274332248.629,"status":"passed","message":"","name":"/tmp/arcana-cloud-nodejs/tests/unit/utils/logger.test.ts"},{"assertionResults":[{"ancestorTitles":["Response Utils","successResponse"],"fullName":"Response Utils successResponse should create success response with data","status":"passed","title":"should create success response with data","duration":14.418600000000026,"failureMessages":[],"meta":{}},{"ancestorTitles":["Response Utils","successResponse"],"fullName":"Response Utils successResponse should create success response with custom message","status":"passed","title":"should create success response with custom message","duration":3.2717199999999593,"failureMessages":[],"meta":{}},{"ancestorTitles":["Response Utils","successResponse"],"fullName":"Response Utils successResponse should create success response with custom requestId","status":"passed","title":"should create success response with custom requestId","duration":2.3035600000000045,"failureMessages":[],"meta":{}},{"ancestorTitles":["Response Utils","successResponse"],"fullName":"Response Utils successResponse should handle null data","status":"passed","title":"should handle null data","duration":1.686399999999992,"failureMessages":[],"meta":{}},{"ancestorTitles":["Response Utils","successResponse"],"fullName":"Response Utils successResponse should handle array data","status":"passed","title":"should handle array data","duration":2.338959999999986,"failureMessages":[],"meta":{}},{"ancestorTitles":["Response Utils","errorResponse"],"fullName":"Response Utils errorResponse should create error response with defaults","status":"passed","title":"should create error response with defaults","duration":3.851479999999981,"failureMessages":[],"meta":{}},{"ancestorTitles":["Response Utils","errorResponse"],"fullName":"Response Utils errorResponse should create error response with custom values","status":"passed","title":"should create error response with custom values","duration":2.0797600000000216,"failureMessages":[],"meta":{}},{"ancestorTitles":["Response Utils","paginatedResponse"],"fullName":"Response Utils paginatedResponse should create paginated response","status":"passed","title":"should create paginated response","duration":2.3977199999999925,"failureMessages":[],"meta":{}},{"ancestorTitles":["Response Utils","paginatedResponse"],"fullName":"Response Utils paginatedResponse should create paginated response with custom requestId","status":"passed","title":"should create paginated response with custom requestId","duration":3.877679999999998,"failureMessages":[],"meta":{}},{"ancestorTitles":["Response Utils","paginatedResponse"],"fullName":"Response Utils paginatedResponse should handle empty items","status":"passed","title":"should handle empty items","duration":27.143080000000054,"failureMessages":[],"meta":{}}],"startTime":1772274331033,"endTime":1772274331100.143,"status":"passed","message":"","name":"/tmp/arcana-cloud-nodejs/tests/unit/utils/response.test.ts"}]}